<?xml version="1.0" encoding="utf-8"?>
<CoverageSession xmlns:xsd="http://www.w3.org/2001/XMLSchema" xmlns:xsi="http://www.w3.org/2001/XMLSchema-instance" Version="4.6.0.0">
  <Summary numSequencePoints="994" visitedSequencePoints="38" numBranchPoints="369" visitedBranchPoints="9" sequenceCoverage="3.82" branchCoverage="2.44" maxCyclomaticComplexity="23" minCyclomaticComplexity="0" maxCrapScore="552" minCrapScore="0" visitedClasses="6" numClasses="54" visitedMethods="9" numMethods="176" />
  <Modules>
    <Module hash="FF-E7-F5-FD-94-28-74-31-8A-49-1C-A8-60-DD-41-42-30-DE-45-48">
      <Summary numSequencePoints="171" visitedSequencePoints="14" numBranchPoints="41" visitedBranchPoints="2" sequenceCoverage="8.19" branchCoverage="4.88" maxCyclomaticComplexity="3" minCyclomaticComplexity="0" maxCrapScore="12" minCrapScore="0" visitedClasses="1" numClasses="3" visitedMethods="2" numMethods="41" />
      <ModulePath>G:\ASP.NET\AirlineReservationSystem\AirlineReservationSystem.Tests\bin\Debug\AirlineReservationSystem.Tests.dll</ModulePath>
      <ModuleTime>2019-04-02T03:03:52.0128481Z</ModuleTime>
      <ModuleName>AirlineReservationSystem.Tests</ModuleName>
      <Files>
        <File uid="1" fullPath="G:\ASP.NET\AirlineReservationSystem\AirlineReservationSystem.Tests\Controllers\FlightsControllerTest.cs" />
        <File uid="3" fullPath="G:\ASP.NET\AirlineReservationSystem\AirlineReservationSystem.Tests\Controllers\HomeControllerTest.cs" />
      </Files>
      <Classes>
        <Class>
          <Summary numSequencePoints="153" visitedSequencePoints="14" numBranchPoints="35" visitedBranchPoints="2" sequenceCoverage="9.15" branchCoverage="5.71" maxCyclomaticComplexity="3" minCyclomaticComplexity="1" maxCrapScore="12" minCrapScore="1" visitedClasses="1" numClasses="1" visitedMethods="2" numMethods="35" />
          <FullName>AirlineReservationSystem.Tests.Controllers.FlightsControllerTest</FullName>
          <Methods>
            <Method visited="true" cyclomaticComplexity="1" nPathComplexity="0" sequenceCoverage="100" branchCoverage="100" crapScore="1" isConstructor="false" isStatic="false" isGetter="false" isSetter="false">
              <Summary numSequencePoints="9" visitedSequencePoints="9" numBranchPoints="1" visitedBranchPoints="1" sequenceCoverage="100" branchCoverage="100" maxCyclomaticComplexity="1" minCyclomaticComplexity="1" maxCrapScore="1" minCrapScore="1" visitedClasses="0" numClasses="0" visitedMethods="1" numMethods="1" />
              <MetadataToken>100663297</MetadataToken>
              <Name>System.Void AirlineReservationSystem.Tests.Controllers.FlightsControllerTest::TestInitialize()</Name>
              <FileRef uid="1" />
              <SequencePoints>
                <SequencePoint vc="1" uspid="1" ordinal="0" offset="0" sl="23" sc="9" el="23" ec="10" bec="0" bev="0" fileid="1" />
                <SequencePoint vc="1" uspid="2" ordinal="1" offset="1" sl="25" sc="13" el="30" ec="15" bec="0" bev="0" fileid="1" />
                <SequencePoint vc="1" uspid="3" ordinal="2" offset="207" sl="33" sc="13" el="39" ec="15" bec="0" bev="0" fileid="1" />
                <SequencePoint vc="1" uspid="4" ordinal="3" offset="362" sl="42" sc="13" el="42" ec="45" bec="0" bev="0" fileid="1" />
                <SequencePoint vc="1" uspid="5" ordinal="4" offset="373" sl="43" sc="13" el="43" ec="71" bec="0" bev="0" fileid="1" />
                <SequencePoint vc="1" uspid="6" ordinal="5" offset="458" sl="44" sc="13" el="44" ec="65" bec="0" bev="0" fileid="1" />
                <SequencePoint vc="1" uspid="7" ordinal="6" offset="543" sl="47" sc="13" el="47" ec="50" bec="0" bev="0" fileid="1" />
                <SequencePoint vc="1" uspid="8" ordinal="7" offset="554" sl="48" sc="13" el="48" ec="61" bec="0" bev="0" fileid="1" />
                <SequencePoint vc="1" uspid="9" ordinal="8" offset="576" sl="49" sc="9" el="49" ec="10" bec="0" bev="0" fileid="1" />
              </SequencePoints>
              <BranchPoints />
              <MethodPoint xsi:type="SequencePoint" vc="1" uspid="1" ordinal="0" offset="0" sl="23" sc="9" el="23" ec="10" bec="0" bev="0" fileid="1" />
            </Method>
            <Method visited="false" cyclomaticComplexity="1" nPathComplexity="0" sequenceCoverage="0" branchCoverage="0" crapScore="2" isConstructor="false" isStatic="false" isGetter="false" isSetter="false">
              <Summary numSequencePoints="4" visitedSequencePoints="0" numBranchPoints="1" visitedBranchPoints="0" sequenceCoverage="0" branchCoverage="0" maxCyclomaticComplexity="1" minCyclomaticComplexity="1" maxCrapScore="2" minCrapScore="2" visitedClasses="0" numClasses="0" visitedMethods="0" numMethods="1" />
              <MetadataToken>100663298</MetadataToken>
              <Name>System.Void AirlineReservationSystem.Tests.Controllers.FlightsControllerTest::FlightsViewLoad()</Name>
              <FileRef uid="1" />
              <SequencePoints>
                <SequencePoint vc="0" uspid="10" ordinal="0" offset="0" sl="53" sc="9" el="53" ec="10" bec="0" bev="0" fileid="1" />
                <SequencePoint vc="0" uspid="11" ordinal="1" offset="1" sl="56" sc="13" el="56" ec="70" bec="0" bev="0" fileid="1" />
                <SequencePoint vc="0" uspid="12" ordinal="2" offset="18" sl="59" sc="13" el="59" ec="42" bec="0" bev="0" fileid="1" />
                <SequencePoint vc="0" uspid="13" ordinal="3" offset="25" sl="62" sc="9" el="62" ec="10" bec="0" bev="0" fileid="1" />
              </SequencePoints>
              <BranchPoints />
              <MethodPoint xsi:type="SequencePoint" vc="0" uspid="10" ordinal="0" offset="0" sl="53" sc="9" el="53" ec="10" bec="0" bev="0" fileid="1" />
            </Method>
            <Method visited="false" cyclomaticComplexity="1" nPathComplexity="0" sequenceCoverage="0" branchCoverage="0" crapScore="2" isConstructor="false" isStatic="false" isGetter="false" isSetter="false">
              <Summary numSequencePoints="4" visitedSequencePoints="0" numBranchPoints="1" visitedBranchPoints="0" sequenceCoverage="0" branchCoverage="0" maxCyclomaticComplexity="1" minCyclomaticComplexity="1" maxCrapScore="2" minCrapScore="2" visitedClasses="0" numClasses="0" visitedMethods="0" numMethods="1" />
              <MetadataToken>100663299</MetadataToken>
              <Name>System.Void AirlineReservationSystem.Tests.Controllers.FlightsControllerTest::FlightsViewLoadViewName()</Name>
              <FileRef uid="1" />
              <SequencePoints>
                <SequencePoint vc="0" uspid="14" ordinal="0" offset="0" sl="65" sc="9" el="65" ec="10" bec="0" bev="0" fileid="1" />
                <SequencePoint vc="0" uspid="15" ordinal="1" offset="1" sl="68" sc="13" el="68" ec="70" bec="0" bev="0" fileid="1" />
                <SequencePoint vc="0" uspid="16" ordinal="2" offset="18" sl="71" sc="13" el="71" ec="59" bec="0" bev="0" fileid="1" />
                <SequencePoint vc="0" uspid="17" ordinal="3" offset="35" sl="73" sc="9" el="73" ec="10" bec="0" bev="0" fileid="1" />
              </SequencePoints>
              <BranchPoints />
              <MethodPoint xsi:type="SequencePoint" vc="0" uspid="14" ordinal="0" offset="0" sl="65" sc="9" el="65" ec="10" bec="0" bev="0" fileid="1" />
            </Method>
            <Method visited="false" cyclomaticComplexity="3" nPathComplexity="0" sequenceCoverage="0" branchCoverage="0" crapScore="12" isConstructor="false" isStatic="false" isGetter="false" isSetter="false">
              <Summary numSequencePoints="4" visitedSequencePoints="0" numBranchPoints="1" visitedBranchPoints="0" sequenceCoverage="0" branchCoverage="0" maxCyclomaticComplexity="3" minCyclomaticComplexity="3" maxCrapScore="12" minCrapScore="12" visitedClasses="0" numClasses="0" visitedMethods="0" numMethods="1" />
              <MetadataToken>100663300</MetadataToken>
              <Name>System.Void AirlineReservationSystem.Tests.Controllers.FlightsControllerTest::FlightsViewLoadViewBagMessage()</Name>
              <FileRef uid="1" />
              <SequencePoints>
                <SequencePoint vc="0" uspid="18" ordinal="0" offset="0" sl="77" sc="9" el="77" ec="10" bec="0" bev="0" fileid="1" />
                <SequencePoint vc="0" uspid="19" ordinal="1" offset="1" sl="80" sc="13" el="80" ec="70" bec="0" bev="0" fileid="1" />
                <SequencePoint vc="0" uspid="20" ordinal="2" offset="18" sl="83" sc="13" el="83" ec="84" bec="0" bev="0" fileid="1" />
                <SequencePoint vc="0" uspid="21" ordinal="3" offset="218" sl="85" sc="9" el="85" ec="10" bec="0" bev="0" fileid="1" />
              </SequencePoints>
              <BranchPoints />
              <MethodPoint xsi:type="SequencePoint" vc="0" uspid="18" ordinal="0" offset="0" sl="77" sc="9" el="77" ec="10" bec="0" bev="0" fileid="1" />
            </Method>
            <Method visited="false" cyclomaticComplexity="1" nPathComplexity="0" sequenceCoverage="0" branchCoverage="0" crapScore="2" isConstructor="false" isStatic="false" isGetter="false" isSetter="false">
              <Summary numSequencePoints="4" visitedSequencePoints="0" numBranchPoints="1" visitedBranchPoints="0" sequenceCoverage="0" branchCoverage="0" maxCyclomaticComplexity="1" minCyclomaticComplexity="1" maxCrapScore="2" minCrapScore="2" visitedClasses="0" numClasses="0" visitedMethods="0" numMethods="1" />
              <MetadataToken>100663301</MetadataToken>
              <Name>System.Void AirlineReservationSystem.Tests.Controllers.FlightsControllerTest::FlightsLoadList()</Name>
              <FileRef uid="1" />
              <SequencePoints>
                <SequencePoint vc="0" uspid="26" ordinal="0" offset="0" sl="88" sc="9" el="88" ec="10" bec="0" bev="0" fileid="1" />
                <SequencePoint vc="0" uspid="27" ordinal="1" offset="1" sl="92" sc="13" el="92" ec="80" bec="0" bev="0" fileid="1" />
                <SequencePoint vc="0" uspid="28" ordinal="2" offset="28" sl="95" sc="13" el="95" ec="66" bec="0" bev="0" fileid="1" />
                <SequencePoint vc="0" uspid="29" ordinal="3" offset="46" sl="96" sc="9" el="96" ec="10" bec="0" bev="0" fileid="1" />
              </SequencePoints>
              <BranchPoints />
              <MethodPoint xsi:type="SequencePoint" vc="0" uspid="26" ordinal="0" offset="0" sl="88" sc="9" el="88" ec="10" bec="0" bev="0" fileid="1" />
            </Method>
            <Method visited="false" cyclomaticComplexity="1" nPathComplexity="0" sequenceCoverage="0" branchCoverage="0" crapScore="2" isConstructor="false" isStatic="false" isGetter="false" isSetter="false">
              <Summary numSequencePoints="4" visitedSequencePoints="0" numBranchPoints="1" visitedBranchPoints="0" sequenceCoverage="0" branchCoverage="0" maxCyclomaticComplexity="1" minCyclomaticComplexity="1" maxCrapScore="2" minCrapScore="2" visitedClasses="0" numClasses="0" visitedMethods="0" numMethods="1" />
              <MetadataToken>100663302</MetadataToken>
              <Name>System.Void AirlineReservationSystem.Tests.Controllers.FlightsControllerTest::FlightsDetailsLoad()</Name>
              <FileRef uid="1" />
              <SequencePoints>
                <SequencePoint vc="0" uspid="30" ordinal="0" offset="0" sl="99" sc="9" el="99" ec="10" bec="0" bev="0" fileid="1" />
                <SequencePoint vc="0" uspid="31" ordinal="1" offset="1" sl="102" sc="13" el="102" ec="76" bec="0" bev="0" fileid="1" />
                <SequencePoint vc="0" uspid="32" ordinal="2" offset="28" sl="105" sc="13" el="105" ec="42" bec="0" bev="0" fileid="1" />
                <SequencePoint vc="0" uspid="33" ordinal="3" offset="35" sl="107" sc="9" el="107" ec="10" bec="0" bev="0" fileid="1" />
              </SequencePoints>
              <BranchPoints />
              <MethodPoint xsi:type="SequencePoint" vc="0" uspid="30" ordinal="0" offset="0" sl="99" sc="9" el="99" ec="10" bec="0" bev="0" fileid="1" />
            </Method>
            <Method visited="false" cyclomaticComplexity="1" nPathComplexity="0" sequenceCoverage="0" branchCoverage="0" crapScore="2" isConstructor="false" isStatic="false" isGetter="false" isSetter="false">
              <Summary numSequencePoints="4" visitedSequencePoints="0" numBranchPoints="1" visitedBranchPoints="0" sequenceCoverage="0" branchCoverage="0" maxCyclomaticComplexity="1" minCyclomaticComplexity="1" maxCrapScore="2" minCrapScore="2" visitedClasses="0" numClasses="0" visitedMethods="0" numMethods="1" />
              <MetadataToken>100663303</MetadataToken>
              <Name>System.Void AirlineReservationSystem.Tests.Controllers.FlightsControllerTest::FlightsDetailsLoadfViewName()</Name>
              <FileRef uid="1" />
              <SequencePoints>
                <SequencePoint vc="0" uspid="34" ordinal="0" offset="0" sl="110" sc="9" el="110" ec="10" bec="0" bev="0" fileid="1" />
                <SequencePoint vc="0" uspid="35" ordinal="1" offset="1" sl="113" sc="13" el="113" ec="76" bec="0" bev="0" fileid="1" />
                <SequencePoint vc="0" uspid="36" ordinal="2" offset="28" sl="116" sc="13" el="116" ec="61" bec="0" bev="0" fileid="1" />
                <SequencePoint vc="0" uspid="37" ordinal="3" offset="45" sl="117" sc="9" el="117" ec="10" bec="0" bev="0" fileid="1" />
              </SequencePoints>
              <BranchPoints />
              <MethodPoint xsi:type="SequencePoint" vc="0" uspid="34" ordinal="0" offset="0" sl="110" sc="9" el="110" ec="10" bec="0" bev="0" fileid="1" />
            </Method>
            <Method visited="false" cyclomaticComplexity="1" nPathComplexity="0" sequenceCoverage="0" branchCoverage="0" crapScore="2" isConstructor="false" isStatic="false" isGetter="false" isSetter="false">
              <Summary numSequencePoints="4" visitedSequencePoints="0" numBranchPoints="1" visitedBranchPoints="0" sequenceCoverage="0" branchCoverage="0" maxCyclomaticComplexity="1" minCyclomaticComplexity="1" maxCrapScore="2" minCrapScore="2" visitedClasses="0" numClasses="0" visitedMethods="0" numMethods="1" />
              <MetadataToken>100663304</MetadataToken>
              <Name>System.Void AirlineReservationSystem.Tests.Controllers.FlightsControllerTest::FlightsDetailsLoadNullID()</Name>
              <FileRef uid="1" />
              <SequencePoints>
                <SequencePoint vc="0" uspid="38" ordinal="0" offset="0" sl="120" sc="9" el="120" ec="10" bec="0" bev="0" fileid="1" />
                <SequencePoint vc="0" uspid="39" ordinal="1" offset="1" sl="123" sc="13" el="123" ec="96" bec="0" bev="0" fileid="1" />
                <SequencePoint vc="0" uspid="40" ordinal="2" offset="27" sl="126" sc="13" el="126" ec="57" bec="0" bev="0" fileid="1" />
                <SequencePoint vc="0" uspid="41" ordinal="3" offset="44" sl="127" sc="9" el="127" ec="10" bec="0" bev="0" fileid="1" />
              </SequencePoints>
              <BranchPoints />
              <MethodPoint xsi:type="SequencePoint" vc="0" uspid="38" ordinal="0" offset="0" sl="120" sc="9" el="120" ec="10" bec="0" bev="0" fileid="1" />
            </Method>
            <Method visited="false" cyclomaticComplexity="1" nPathComplexity="0" sequenceCoverage="0" branchCoverage="0" crapScore="2" isConstructor="false" isStatic="false" isGetter="false" isSetter="false">
              <Summary numSequencePoints="4" visitedSequencePoints="0" numBranchPoints="1" visitedBranchPoints="0" sequenceCoverage="0" branchCoverage="0" maxCyclomaticComplexity="1" minCyclomaticComplexity="1" maxCrapScore="2" minCrapScore="2" visitedClasses="0" numClasses="0" visitedMethods="0" numMethods="1" />
              <MetadataToken>100663305</MetadataToken>
              <Name>System.Void AirlineReservationSystem.Tests.Controllers.FlightsControllerTest::FlightsDetailsHttpNotFound()</Name>
              <FileRef uid="1" />
              <SequencePoints>
                <SequencePoint vc="0" uspid="42" ordinal="0" offset="0" sl="130" sc="9" el="130" ec="10" bec="0" bev="0" fileid="1" />
                <SequencePoint vc="0" uspid="43" ordinal="1" offset="1" sl="134" sc="13" el="134" ec="92" bec="0" bev="0" fileid="1" />
                <SequencePoint vc="0" uspid="44" ordinal="2" offset="28" sl="137" sc="13" el="137" ec="57" bec="0" bev="0" fileid="1" />
                <SequencePoint vc="0" uspid="45" ordinal="3" offset="45" sl="139" sc="9" el="139" ec="10" bec="0" bev="0" fileid="1" />
              </SequencePoints>
              <BranchPoints />
              <MethodPoint xsi:type="SequencePoint" vc="0" uspid="42" ordinal="0" offset="0" sl="130" sc="9" el="130" ec="10" bec="0" bev="0" fileid="1" />
            </Method>
            <Method visited="false" cyclomaticComplexity="2" nPathComplexity="0" sequenceCoverage="0" branchCoverage="0" crapScore="6" isConstructor="false" isStatic="false" isGetter="false" isSetter="false">
              <Summary numSequencePoints="5" visitedSequencePoints="0" numBranchPoints="1" visitedBranchPoints="0" sequenceCoverage="0" branchCoverage="0" maxCyclomaticComplexity="2" minCyclomaticComplexity="2" maxCrapScore="6" minCrapScore="6" visitedClasses="0" numClasses="0" visitedMethods="0" numMethods="1" />
              <MetadataToken>100663306</MetadataToken>
              <Name>System.Void AirlineReservationSystem.Tests.Controllers.FlightsControllerTest::FlightsDetailsList()</Name>
              <FileRef uid="1" />
              <SequencePoints>
                <SequencePoint vc="0" uspid="46" ordinal="0" offset="0" sl="143" sc="9" el="143" ec="10" bec="0" bev="0" fileid="1" />
                <SequencePoint vc="0" uspid="47" ordinal="1" offset="1" sl="147" sc="13" el="147" ec="75" bec="0" bev="0" fileid="1" />
                <SequencePoint vc="0" uspid="48" ordinal="2" offset="33" sl="148" sc="13" el="148" ec="76" bec="0" bev="0" fileid="1" />
                <SequencePoint vc="0" uspid="49" ordinal="3" offset="76" sl="151" sc="13" el="151" ec="50" bec="0" bev="0" fileid="1" />
                <SequencePoint vc="0" uspid="50" ordinal="4" offset="84" sl="152" sc="9" el="152" ec="10" bec="0" bev="0" fileid="1" />
              </SequencePoints>
              <BranchPoints />
              <MethodPoint xsi:type="SequencePoint" vc="0" uspid="46" ordinal="0" offset="0" sl="143" sc="9" el="143" ec="10" bec="0" bev="0" fileid="1" />
            </Method>
            <Method visited="false" cyclomaticComplexity="1" nPathComplexity="0" sequenceCoverage="0" branchCoverage="0" crapScore="2" isConstructor="false" isStatic="false" isGetter="false" isSetter="false">
              <Summary numSequencePoints="4" visitedSequencePoints="0" numBranchPoints="1" visitedBranchPoints="0" sequenceCoverage="0" branchCoverage="0" maxCyclomaticComplexity="1" minCyclomaticComplexity="1" maxCrapScore="2" minCrapScore="2" visitedClasses="0" numClasses="0" visitedMethods="0" numMethods="1" />
              <MetadataToken>100663307</MetadataToken>
              <Name>System.Void AirlineReservationSystem.Tests.Controllers.FlightsControllerTest::FlightsCreateLoad()</Name>
              <FileRef uid="1" />
              <SequencePoints>
                <SequencePoint vc="0" uspid="53" ordinal="0" offset="0" sl="158" sc="9" el="158" ec="10" bec="0" bev="0" fileid="1" />
                <SequencePoint vc="0" uspid="54" ordinal="1" offset="1" sl="160" sc="13" el="160" ec="60" bec="0" bev="0" fileid="1" />
                <SequencePoint vc="0" uspid="55" ordinal="2" offset="18" sl="163" sc="13" el="163" ec="56" bec="0" bev="0" fileid="1" />
                <SequencePoint vc="0" uspid="56" ordinal="3" offset="35" sl="165" sc="9" el="165" ec="10" bec="0" bev="0" fileid="1" />
              </SequencePoints>
              <BranchPoints />
              <MethodPoint xsi:type="SequencePoint" vc="0" uspid="53" ordinal="0" offset="0" sl="158" sc="9" el="158" ec="10" bec="0" bev="0" fileid="1" />
            </Method>
            <Method visited="false" cyclomaticComplexity="1" nPathComplexity="0" sequenceCoverage="0" branchCoverage="0" crapScore="2" isConstructor="false" isStatic="false" isGetter="false" isSetter="false">
              <Summary numSequencePoints="4" visitedSequencePoints="0" numBranchPoints="1" visitedBranchPoints="0" sequenceCoverage="0" branchCoverage="0" maxCyclomaticComplexity="1" minCyclomaticComplexity="1" maxCrapScore="2" minCrapScore="2" visitedClasses="0" numClasses="0" visitedMethods="0" numMethods="1" />
              <MetadataToken>100663308</MetadataToken>
              <Name>System.Void AirlineReservationSystem.Tests.Controllers.FlightsControllerTest::FlightsCreateLoadType()</Name>
              <FileRef uid="1" />
              <SequencePoints>
                <SequencePoint vc="0" uspid="57" ordinal="0" offset="0" sl="168" sc="9" el="168" ec="10" bec="0" bev="0" fileid="1" />
                <SequencePoint vc="0" uspid="58" ordinal="1" offset="1" sl="170" sc="13" el="170" ec="46" bec="0" bev="0" fileid="1" />
                <SequencePoint vc="0" uspid="59" ordinal="2" offset="13" sl="173" sc="13" el="173" ec="65" bec="0" bev="0" fileid="1" />
                <SequencePoint vc="0" uspid="60" ordinal="3" offset="30" sl="175" sc="9" el="175" ec="10" bec="0" bev="0" fileid="1" />
              </SequencePoints>
              <BranchPoints />
              <MethodPoint xsi:type="SequencePoint" vc="0" uspid="57" ordinal="0" offset="0" sl="168" sc="9" el="168" ec="10" bec="0" bev="0" fileid="1" />
            </Method>
            <Method visited="false" cyclomaticComplexity="3" nPathComplexity="0" sequenceCoverage="0" branchCoverage="0" crapScore="12" isConstructor="false" isStatic="false" isGetter="false" isSetter="false">
              <Summary numSequencePoints="4" visitedSequencePoints="0" numBranchPoints="1" visitedBranchPoints="0" sequenceCoverage="0" branchCoverage="0" maxCyclomaticComplexity="3" minCyclomaticComplexity="3" maxCrapScore="12" minCrapScore="12" visitedClasses="0" numClasses="0" visitedMethods="0" numMethods="1" />
              <MetadataToken>100663309</MetadataToken>
              <Name>System.Void AirlineReservationSystem.Tests.Controllers.FlightsControllerTest::FlightsCreateViewBagMessag()</Name>
              <FileRef uid="1" />
              <SequencePoints>
                <SequencePoint vc="0" uspid="61" ordinal="0" offset="0" sl="178" sc="9" el="178" ec="10" bec="0" bev="0" fileid="1" />
                <SequencePoint vc="0" uspid="62" ordinal="1" offset="1" sl="180" sc="13" el="180" ec="60" bec="0" bev="0" fileid="1" />
                <SequencePoint vc="0" uspid="63" ordinal="2" offset="18" sl="183" sc="13" el="183" ec="74" bec="0" bev="0" fileid="1" />
                <SequencePoint vc="0" uspid="64" ordinal="3" offset="218" sl="184" sc="9" el="184" ec="10" bec="0" bev="0" fileid="1" />
              </SequencePoints>
              <BranchPoints />
              <MethodPoint xsi:type="SequencePoint" vc="0" uspid="61" ordinal="0" offset="0" sl="178" sc="9" el="178" ec="10" bec="0" bev="0" fileid="1" />
            </Method>
            <Method visited="false" cyclomaticComplexity="1" nPathComplexity="0" sequenceCoverage="0" branchCoverage="0" crapScore="2" isConstructor="false" isStatic="false" isGetter="false" isSetter="false">
              <Summary numSequencePoints="4" visitedSequencePoints="0" numBranchPoints="1" visitedBranchPoints="0" sequenceCoverage="0" branchCoverage="0" maxCyclomaticComplexity="1" minCyclomaticComplexity="1" maxCrapScore="2" minCrapScore="2" visitedClasses="0" numClasses="0" visitedMethods="0" numMethods="1" />
              <MetadataToken>100663310</MetadataToken>
              <Name>System.Void AirlineReservationSystem.Tests.Controllers.FlightsControllerTest::FlightsCreateNullResult()</Name>
              <FileRef uid="1" />
              <SequencePoints>
                <SequencePoint vc="0" uspid="69" ordinal="0" offset="0" sl="187" sc="9" el="187" ec="10" bec="0" bev="0" fileid="1" />
                <SequencePoint vc="0" uspid="70" ordinal="1" offset="1" sl="189" sc="13" el="189" ec="60" bec="0" bev="0" fileid="1" />
                <SequencePoint vc="0" uspid="71" ordinal="2" offset="18" sl="192" sc="13" el="192" ec="38" bec="0" bev="0" fileid="1" />
                <SequencePoint vc="0" uspid="72" ordinal="3" offset="25" sl="193" sc="9" el="193" ec="10" bec="0" bev="0" fileid="1" />
              </SequencePoints>
              <BranchPoints />
              <MethodPoint xsi:type="SequencePoint" vc="0" uspid="69" ordinal="0" offset="0" sl="187" sc="9" el="187" ec="10" bec="0" bev="0" fileid="1" />
            </Method>
            <Method visited="false" cyclomaticComplexity="1" nPathComplexity="0" sequenceCoverage="0" branchCoverage="0" crapScore="2" isConstructor="false" isStatic="false" isGetter="false" isSetter="false">
              <Summary numSequencePoints="5" visitedSequencePoints="0" numBranchPoints="1" visitedBranchPoints="0" sequenceCoverage="0" branchCoverage="0" maxCyclomaticComplexity="1" minCyclomaticComplexity="1" maxCrapScore="2" minCrapScore="2" visitedClasses="0" numClasses="0" visitedMethods="0" numMethods="1" />
              <MetadataToken>100663311</MetadataToken>
              <Name>System.Void AirlineReservationSystem.Tests.Controllers.FlightsControllerTest::FlightsCreateActionResult()</Name>
              <FileRef uid="1" />
              <SequencePoints>
                <SequencePoint vc="0" uspid="73" ordinal="0" offset="0" sl="196" sc="9" el="196" ec="10" bec="0" bev="0" fileid="1" />
                <SequencePoint vc="0" uspid="74" ordinal="1" offset="1" sl="198" sc="13" el="198" ec="133" bec="0" bev="0" fileid="1" />
                <SequencePoint vc="0" uspid="75" ordinal="2" offset="55" sl="200" sc="13" el="200" ec="78" bec="0" bev="0" fileid="1" />
                <SequencePoint vc="0" uspid="76" ordinal="3" offset="73" sl="203" sc="13" el="203" ec="68" bec="0" bev="0" fileid="1" />
                <SequencePoint vc="0" uspid="77" ordinal="4" offset="100" sl="204" sc="9" el="204" ec="10" bec="0" bev="0" fileid="1" />
              </SequencePoints>
              <BranchPoints />
              <MethodPoint xsi:type="SequencePoint" vc="0" uspid="73" ordinal="0" offset="0" sl="196" sc="9" el="196" ec="10" bec="0" bev="0" fileid="1" />
            </Method>
            <Method visited="false" cyclomaticComplexity="1" nPathComplexity="0" sequenceCoverage="0" branchCoverage="0" crapScore="2" isConstructor="false" isStatic="false" isGetter="false" isSetter="false">
              <Summary numSequencePoints="5" visitedSequencePoints="0" numBranchPoints="1" visitedBranchPoints="0" sequenceCoverage="0" branchCoverage="0" maxCyclomaticComplexity="1" minCyclomaticComplexity="1" maxCrapScore="2" minCrapScore="2" visitedClasses="0" numClasses="0" visitedMethods="0" numMethods="1" />
              <MetadataToken>100663312</MetadataToken>
              <Name>System.Void AirlineReservationSystem.Tests.Controllers.FlightsControllerTest::FlightsCreateActionResultNotNull()</Name>
              <FileRef uid="1" />
              <SequencePoints>
                <SequencePoint vc="0" uspid="78" ordinal="0" offset="0" sl="207" sc="9" el="207" ec="10" bec="0" bev="0" fileid="1" />
                <SequencePoint vc="0" uspid="79" ordinal="1" offset="1" sl="209" sc="13" el="209" ec="133" bec="0" bev="0" fileid="1" />
                <SequencePoint vc="0" uspid="80" ordinal="2" offset="55" sl="211" sc="13" el="211" ec="78" bec="0" bev="0" fileid="1" />
                <SequencePoint vc="0" uspid="81" ordinal="3" offset="73" sl="214" sc="13" el="214" ec="38" bec="0" bev="0" fileid="1" />
                <SequencePoint vc="0" uspid="82" ordinal="4" offset="80" sl="215" sc="9" el="215" ec="10" bec="0" bev="0" fileid="1" />
              </SequencePoints>
              <BranchPoints />
              <MethodPoint xsi:type="SequencePoint" vc="0" uspid="78" ordinal="0" offset="0" sl="207" sc="9" el="207" ec="10" bec="0" bev="0" fileid="1" />
            </Method>
            <Method visited="false" cyclomaticComplexity="3" nPathComplexity="0" sequenceCoverage="0" branchCoverage="0" crapScore="12" isConstructor="false" isStatic="false" isGetter="false" isSetter="false">
              <Summary numSequencePoints="5" visitedSequencePoints="0" numBranchPoints="1" visitedBranchPoints="0" sequenceCoverage="0" branchCoverage="0" maxCyclomaticComplexity="3" minCyclomaticComplexity="3" maxCrapScore="12" minCrapScore="12" visitedClasses="0" numClasses="0" visitedMethods="0" numMethods="1" />
              <MetadataToken>100663313</MetadataToken>
              <Name>System.Void AirlineReservationSystem.Tests.Controllers.FlightsControllerTest::FlightsCreateViewBag()</Name>
              <FileRef uid="1" />
              <SequencePoints>
                <SequencePoint vc="0" uspid="83" ordinal="0" offset="0" sl="219" sc="9" el="219" ec="10" bec="0" bev="0" fileid="1" />
                <SequencePoint vc="0" uspid="84" ordinal="1" offset="1" sl="221" sc="13" el="221" ec="73" bec="0" bev="0" fileid="1" />
                <SequencePoint vc="0" uspid="85" ordinal="2" offset="28" sl="223" sc="13" el="223" ec="99" bec="0" bev="0" fileid="1" />
                <SequencePoint vc="0" uspid="86" ordinal="3" offset="203" sl="226" sc="13" el="226" ec="57" bec="0" bev="0" fileid="1" />
                <SequencePoint vc="0" uspid="87" ordinal="4" offset="225" sl="227" sc="9" el="227" ec="10" bec="0" bev="0" fileid="1" />
              </SequencePoints>
              <BranchPoints />
              <MethodPoint xsi:type="SequencePoint" vc="0" uspid="83" ordinal="0" offset="0" sl="219" sc="9" el="219" ec="10" bec="0" bev="0" fileid="1" />
            </Method>
            <Method visited="false" cyclomaticComplexity="1" nPathComplexity="0" sequenceCoverage="0" branchCoverage="0" crapScore="2" isConstructor="false" isStatic="false" isGetter="false" isSetter="false">
              <Summary numSequencePoints="4" visitedSequencePoints="0" numBranchPoints="1" visitedBranchPoints="0" sequenceCoverage="0" branchCoverage="0" maxCyclomaticComplexity="1" minCyclomaticComplexity="1" maxCrapScore="2" minCrapScore="2" visitedClasses="0" numClasses="0" visitedMethods="0" numMethods="1" />
              <MetadataToken>100663314</MetadataToken>
              <Name>System.Void AirlineReservationSystem.Tests.Controllers.FlightsControllerTest::FlightsEditeLoad()</Name>
              <FileRef uid="1" />
              <SequencePoints>
                <SequencePoint vc="0" uspid="92" ordinal="0" offset="0" sl="231" sc="9" el="231" ec="10" bec="0" bev="0" fileid="1" />
                <SequencePoint vc="0" uspid="93" ordinal="1" offset="1" sl="234" sc="13" el="234" ec="73" bec="0" bev="0" fileid="1" />
                <SequencePoint vc="0" uspid="94" ordinal="2" offset="28" sl="237" sc="13" el="237" ec="42" bec="0" bev="0" fileid="1" />
                <SequencePoint vc="0" uspid="95" ordinal="3" offset="35" sl="239" sc="9" el="239" ec="10" bec="0" bev="0" fileid="1" />
              </SequencePoints>
              <BranchPoints />
              <MethodPoint xsi:type="SequencePoint" vc="0" uspid="92" ordinal="0" offset="0" sl="231" sc="9" el="231" ec="10" bec="0" bev="0" fileid="1" />
            </Method>
            <Method visited="false" cyclomaticComplexity="1" nPathComplexity="0" sequenceCoverage="0" branchCoverage="0" crapScore="2" isConstructor="false" isStatic="false" isGetter="false" isSetter="false">
              <Summary numSequencePoints="4" visitedSequencePoints="0" numBranchPoints="1" visitedBranchPoints="0" sequenceCoverage="0" branchCoverage="0" maxCyclomaticComplexity="1" minCyclomaticComplexity="1" maxCrapScore="2" minCrapScore="2" visitedClasses="0" numClasses="0" visitedMethods="0" numMethods="1" />
              <MetadataToken>100663315</MetadataToken>
              <Name>System.Void AirlineReservationSystem.Tests.Controllers.FlightsControllerTest::FlightsEditLoadViewName()</Name>
              <FileRef uid="1" />
              <SequencePoints>
                <SequencePoint vc="0" uspid="96" ordinal="0" offset="0" sl="242" sc="9" el="242" ec="10" bec="0" bev="0" fileid="1" />
                <SequencePoint vc="0" uspid="97" ordinal="1" offset="1" sl="245" sc="13" el="245" ec="73" bec="0" bev="0" fileid="1" />
                <SequencePoint vc="0" uspid="98" ordinal="2" offset="28" sl="248" sc="13" el="248" ec="58" bec="0" bev="0" fileid="1" />
                <SequencePoint vc="0" uspid="99" ordinal="3" offset="45" sl="249" sc="9" el="249" ec="10" bec="0" bev="0" fileid="1" />
              </SequencePoints>
              <BranchPoints />
              <MethodPoint xsi:type="SequencePoint" vc="0" uspid="96" ordinal="0" offset="0" sl="242" sc="9" el="242" ec="10" bec="0" bev="0" fileid="1" />
            </Method>
            <Method visited="false" cyclomaticComplexity="1" nPathComplexity="0" sequenceCoverage="0" branchCoverage="0" crapScore="2" isConstructor="false" isStatic="false" isGetter="false" isSetter="false">
              <Summary numSequencePoints="4" visitedSequencePoints="0" numBranchPoints="1" visitedBranchPoints="0" sequenceCoverage="0" branchCoverage="0" maxCyclomaticComplexity="1" minCyclomaticComplexity="1" maxCrapScore="2" minCrapScore="2" visitedClasses="0" numClasses="0" visitedMethods="0" numMethods="1" />
              <MetadataToken>100663316</MetadataToken>
              <Name>System.Void AirlineReservationSystem.Tests.Controllers.FlightsControllerTest::FlightsEditLoadNullID()</Name>
              <FileRef uid="1" />
              <SequencePoints>
                <SequencePoint vc="0" uspid="100" ordinal="0" offset="0" sl="252" sc="9" el="252" ec="10" bec="0" bev="0" fileid="1" />
                <SequencePoint vc="0" uspid="101" ordinal="1" offset="1" sl="255" sc="13" el="255" ec="99" bec="0" bev="0" fileid="1" />
                <SequencePoint vc="0" uspid="102" ordinal="2" offset="27" sl="258" sc="13" el="258" ec="57" bec="0" bev="0" fileid="1" />
                <SequencePoint vc="0" uspid="103" ordinal="3" offset="44" sl="259" sc="9" el="259" ec="10" bec="0" bev="0" fileid="1" />
              </SequencePoints>
              <BranchPoints />
              <MethodPoint xsi:type="SequencePoint" vc="0" uspid="100" ordinal="0" offset="0" sl="252" sc="9" el="252" ec="10" bec="0" bev="0" fileid="1" />
            </Method>
            <Method visited="false" cyclomaticComplexity="1" nPathComplexity="0" sequenceCoverage="0" branchCoverage="0" crapScore="2" isConstructor="false" isStatic="false" isGetter="false" isSetter="false">
              <Summary numSequencePoints="4" visitedSequencePoints="0" numBranchPoints="1" visitedBranchPoints="0" sequenceCoverage="0" branchCoverage="0" maxCyclomaticComplexity="1" minCyclomaticComplexity="1" maxCrapScore="2" minCrapScore="2" visitedClasses="0" numClasses="0" visitedMethods="0" numMethods="1" />
              <MetadataToken>100663317</MetadataToken>
              <Name>System.Void AirlineReservationSystem.Tests.Controllers.FlightsControllerTest::FlightsEditHttpNotFouond()</Name>
              <FileRef uid="1" />
              <SequencePoints>
                <SequencePoint vc="0" uspid="104" ordinal="0" offset="0" sl="262" sc="9" el="262" ec="10" bec="0" bev="0" fileid="1" />
                <SequencePoint vc="0" uspid="105" ordinal="1" offset="1" sl="266" sc="13" el="266" ec="89" bec="0" bev="0" fileid="1" />
                <SequencePoint vc="0" uspid="106" ordinal="2" offset="28" sl="269" sc="13" el="269" ec="57" bec="0" bev="0" fileid="1" />
                <SequencePoint vc="0" uspid="107" ordinal="3" offset="45" sl="271" sc="9" el="271" ec="10" bec="0" bev="0" fileid="1" />
              </SequencePoints>
              <BranchPoints />
              <MethodPoint xsi:type="SequencePoint" vc="0" uspid="104" ordinal="0" offset="0" sl="262" sc="9" el="262" ec="10" bec="0" bev="0" fileid="1" />
            </Method>
            <Method visited="false" cyclomaticComplexity="3" nPathComplexity="0" sequenceCoverage="0" branchCoverage="0" crapScore="12" isConstructor="false" isStatic="false" isGetter="false" isSetter="false">
              <Summary numSequencePoints="5" visitedSequencePoints="0" numBranchPoints="1" visitedBranchPoints="0" sequenceCoverage="0" branchCoverage="0" maxCyclomaticComplexity="3" minCyclomaticComplexity="3" maxCrapScore="12" minCrapScore="12" visitedClasses="0" numClasses="0" visitedMethods="0" numMethods="1" />
              <MetadataToken>100663318</MetadataToken>
              <Name>System.Void AirlineReservationSystem.Tests.Controllers.FlightsControllerTest::FlightsEditViewBag()</Name>
              <FileRef uid="1" />
              <SequencePoints>
                <SequencePoint vc="0" uspid="108" ordinal="0" offset="0" sl="275" sc="9" el="275" ec="10" bec="0" bev="0" fileid="1" />
                <SequencePoint vc="0" uspid="109" ordinal="1" offset="1" sl="277" sc="13" el="277" ec="73" bec="0" bev="0" fileid="1" />
                <SequencePoint vc="0" uspid="110" ordinal="2" offset="28" sl="279" sc="13" el="279" ec="97" bec="0" bev="0" fileid="1" />
                <SequencePoint vc="0" uspid="111" ordinal="3" offset="203" sl="283" sc="13" el="283" ec="57" bec="0" bev="0" fileid="1" />
                <SequencePoint vc="0" uspid="112" ordinal="4" offset="225" sl="284" sc="9" el="284" ec="10" bec="0" bev="0" fileid="1" />
              </SequencePoints>
              <BranchPoints />
              <MethodPoint xsi:type="SequencePoint" vc="0" uspid="108" ordinal="0" offset="0" sl="275" sc="9" el="275" ec="10" bec="0" bev="0" fileid="1" />
            </Method>
            <Method visited="false" cyclomaticComplexity="1" nPathComplexity="0" sequenceCoverage="0" branchCoverage="0" crapScore="2" isConstructor="false" isStatic="false" isGetter="false" isSetter="false">
              <Summary numSequencePoints="4" visitedSequencePoints="0" numBranchPoints="1" visitedBranchPoints="0" sequenceCoverage="0" branchCoverage="0" maxCyclomaticComplexity="1" minCyclomaticComplexity="1" maxCrapScore="2" minCrapScore="2" visitedClasses="0" numClasses="0" visitedMethods="0" numMethods="1" />
              <MetadataToken>100663319</MetadataToken>
              <Name>System.Void AirlineReservationSystem.Tests.Controllers.FlightsControllerTest::FlightEditPostViewLoads()</Name>
              <FileRef uid="1" />
              <SequencePoints>
                <SequencePoint vc="0" uspid="117" ordinal="0" offset="0" sl="288" sc="9" el="288" ec="10" bec="0" bev="0" fileid="1" />
                <SequencePoint vc="0" uspid="118" ordinal="1" offset="1" sl="290" sc="13" el="290" ec="101" bec="0" bev="0" fileid="1" />
                <SequencePoint vc="0" uspid="119" ordinal="2" offset="30" sl="292" sc="13" el="292" ec="42" bec="0" bev="0" fileid="1" />
                <SequencePoint vc="0" uspid="120" ordinal="3" offset="37" sl="293" sc="9" el="293" ec="10" bec="0" bev="0" fileid="1" />
              </SequencePoints>
              <BranchPoints />
              <MethodPoint xsi:type="SequencePoint" vc="0" uspid="117" ordinal="0" offset="0" sl="288" sc="9" el="288" ec="10" bec="0" bev="0" fileid="1" />
            </Method>
            <Method visited="false" cyclomaticComplexity="1" nPathComplexity="0" sequenceCoverage="0" branchCoverage="0" crapScore="2" isConstructor="false" isStatic="false" isGetter="false" isSetter="false">
              <Summary numSequencePoints="4" visitedSequencePoints="0" numBranchPoints="1" visitedBranchPoints="0" sequenceCoverage="0" branchCoverage="0" maxCyclomaticComplexity="1" minCyclomaticComplexity="1" maxCrapScore="2" minCrapScore="2" visitedClasses="0" numClasses="0" visitedMethods="0" numMethods="1" />
              <MetadataToken>100663320</MetadataToken>
              <Name>System.Void AirlineReservationSystem.Tests.Controllers.FlightsControllerTest::FlightEditPostViewName()</Name>
              <FileRef uid="1" />
              <SequencePoints>
                <SequencePoint vc="0" uspid="121" ordinal="0" offset="0" sl="297" sc="9" el="297" ec="10" bec="0" bev="0" fileid="1" />
                <SequencePoint vc="0" uspid="122" ordinal="1" offset="1" sl="299" sc="13" el="299" ec="101" bec="0" bev="0" fileid="1" />
                <SequencePoint vc="0" uspid="123" ordinal="2" offset="30" sl="301" sc="13" el="301" ec="72" bec="0" bev="0" fileid="1" />
                <SequencePoint vc="0" uspid="124" ordinal="3" offset="57" sl="302" sc="9" el="302" ec="10" bec="0" bev="0" fileid="1" />
              </SequencePoints>
              <BranchPoints />
              <MethodPoint xsi:type="SequencePoint" vc="0" uspid="121" ordinal="0" offset="0" sl="297" sc="9" el="297" ec="10" bec="0" bev="0" fileid="1" />
            </Method>
            <Method visited="false" cyclomaticComplexity="1" nPathComplexity="0" sequenceCoverage="0" branchCoverage="0" crapScore="2" isConstructor="false" isStatic="false" isGetter="false" isSetter="false">
              <Summary numSequencePoints="5" visitedSequencePoints="0" numBranchPoints="1" visitedBranchPoints="0" sequenceCoverage="0" branchCoverage="0" maxCyclomaticComplexity="1" minCyclomaticComplexity="1" maxCrapScore="2" minCrapScore="2" visitedClasses="0" numClasses="0" visitedMethods="0" numMethods="1" />
              <MetadataToken>100663321</MetadataToken>
              <Name>System.Void AirlineReservationSystem.Tests.Controllers.FlightsControllerTest::FLightsEditPostInvalidModel()</Name>
              <FileRef uid="1" />
              <SequencePoints>
                <SequencePoint vc="0" uspid="125" ordinal="0" offset="0" sl="307" sc="9" el="307" ec="10" bec="0" bev="0" fileid="1" />
                <SequencePoint vc="0" uspid="126" ordinal="1" offset="1" sl="308" sc="13" el="308" ec="73" bec="0" bev="0" fileid="1" />
                <SequencePoint vc="0" uspid="127" ordinal="2" offset="28" sl="311" sc="13" el="311" ec="79" bec="0" bev="0" fileid="1" />
                <SequencePoint vc="0" uspid="128" ordinal="3" offset="57" sl="314" sc="13" el="314" ec="58" bec="0" bev="0" fileid="1" />
                <SequencePoint vc="0" uspid="129" ordinal="4" offset="74" sl="315" sc="9" el="315" ec="10" bec="0" bev="0" fileid="1" />
              </SequencePoints>
              <BranchPoints />
              <MethodPoint xsi:type="SequencePoint" vc="0" uspid="125" ordinal="0" offset="0" sl="307" sc="9" el="307" ec="10" bec="0" bev="0" fileid="1" />
            </Method>
            <Method visited="false" cyclomaticComplexity="3" nPathComplexity="0" sequenceCoverage="0" branchCoverage="0" crapScore="12" isConstructor="false" isStatic="false" isGetter="false" isSetter="false">
              <Summary numSequencePoints="5" visitedSequencePoints="0" numBranchPoints="1" visitedBranchPoints="0" sequenceCoverage="0" branchCoverage="0" maxCyclomaticComplexity="3" minCyclomaticComplexity="3" maxCrapScore="12" minCrapScore="12" visitedClasses="0" numClasses="0" visitedMethods="0" numMethods="1" />
              <MetadataToken>100663322</MetadataToken>
              <Name>System.Void AirlineReservationSystem.Tests.Controllers.FlightsControllerTest::FlightEditPostViewBeg()</Name>
              <FileRef uid="1" />
              <SequencePoints>
                <SequencePoint vc="0" uspid="130" ordinal="0" offset="0" sl="319" sc="9" el="319" ec="10" bec="0" bev="0" fileid="1" />
                <SequencePoint vc="0" uspid="131" ordinal="1" offset="1" sl="320" sc="13" el="320" ec="73" bec="0" bev="0" fileid="1" />
                <SequencePoint vc="0" uspid="132" ordinal="2" offset="28" sl="322" sc="13" el="322" ec="101" bec="0" bev="0" fileid="1" />
                <SequencePoint vc="0" uspid="133" ordinal="3" offset="203" sl="325" sc="13" el="325" ec="61" bec="0" bev="0" fileid="1" />
                <SequencePoint vc="0" uspid="134" ordinal="4" offset="225" sl="326" sc="9" el="326" ec="10" bec="0" bev="0" fileid="1" />
              </SequencePoints>
              <BranchPoints />
              <MethodPoint xsi:type="SequencePoint" vc="0" uspid="130" ordinal="0" offset="0" sl="319" sc="9" el="319" ec="10" bec="0" bev="0" fileid="1" />
            </Method>
            <Method visited="false" cyclomaticComplexity="1" nPathComplexity="0" sequenceCoverage="0" branchCoverage="0" crapScore="2" isConstructor="false" isStatic="false" isGetter="false" isSetter="false">
              <Summary numSequencePoints="4" visitedSequencePoints="0" numBranchPoints="1" visitedBranchPoints="0" sequenceCoverage="0" branchCoverage="0" maxCyclomaticComplexity="1" minCyclomaticComplexity="1" maxCrapScore="2" minCrapScore="2" visitedClasses="0" numClasses="0" visitedMethods="0" numMethods="1" />
              <MetadataToken>100663323</MetadataToken>
              <Name>System.Void AirlineReservationSystem.Tests.Controllers.FlightsControllerTest::FlightsDeleteLoad()</Name>
              <FileRef uid="1" />
              <SequencePoints>
                <SequencePoint vc="0" uspid="139" ordinal="0" offset="0" sl="330" sc="9" el="330" ec="10" bec="0" bev="0" fileid="1" />
                <SequencePoint vc="0" uspid="140" ordinal="1" offset="1" sl="333" sc="13" el="333" ec="75" bec="0" bev="0" fileid="1" />
                <SequencePoint vc="0" uspid="141" ordinal="2" offset="28" sl="336" sc="13" el="336" ec="42" bec="0" bev="0" fileid="1" />
                <SequencePoint vc="0" uspid="142" ordinal="3" offset="35" sl="338" sc="9" el="338" ec="10" bec="0" bev="0" fileid="1" />
              </SequencePoints>
              <BranchPoints />
              <MethodPoint xsi:type="SequencePoint" vc="0" uspid="139" ordinal="0" offset="0" sl="330" sc="9" el="330" ec="10" bec="0" bev="0" fileid="1" />
            </Method>
            <Method visited="false" cyclomaticComplexity="1" nPathComplexity="0" sequenceCoverage="0" branchCoverage="0" crapScore="2" isConstructor="false" isStatic="false" isGetter="false" isSetter="false">
              <Summary numSequencePoints="4" visitedSequencePoints="0" numBranchPoints="1" visitedBranchPoints="0" sequenceCoverage="0" branchCoverage="0" maxCyclomaticComplexity="1" minCyclomaticComplexity="1" maxCrapScore="2" minCrapScore="2" visitedClasses="0" numClasses="0" visitedMethods="0" numMethods="1" />
              <MetadataToken>100663324</MetadataToken>
              <Name>System.Void AirlineReservationSystem.Tests.Controllers.FlightsControllerTest::FlightsDeleteLoadViewName()</Name>
              <FileRef uid="1" />
              <SequencePoints>
                <SequencePoint vc="0" uspid="143" ordinal="0" offset="0" sl="341" sc="9" el="341" ec="10" bec="0" bev="0" fileid="1" />
                <SequencePoint vc="0" uspid="144" ordinal="1" offset="1" sl="344" sc="13" el="344" ec="75" bec="0" bev="0" fileid="1" />
                <SequencePoint vc="0" uspid="145" ordinal="2" offset="28" sl="347" sc="13" el="347" ec="60" bec="0" bev="0" fileid="1" />
                <SequencePoint vc="0" uspid="146" ordinal="3" offset="45" sl="348" sc="9" el="348" ec="10" bec="0" bev="0" fileid="1" />
              </SequencePoints>
              <BranchPoints />
              <MethodPoint xsi:type="SequencePoint" vc="0" uspid="143" ordinal="0" offset="0" sl="341" sc="9" el="341" ec="10" bec="0" bev="0" fileid="1" />
            </Method>
            <Method visited="false" cyclomaticComplexity="1" nPathComplexity="0" sequenceCoverage="0" branchCoverage="0" crapScore="2" isConstructor="false" isStatic="false" isGetter="false" isSetter="false">
              <Summary numSequencePoints="4" visitedSequencePoints="0" numBranchPoints="1" visitedBranchPoints="0" sequenceCoverage="0" branchCoverage="0" maxCyclomaticComplexity="1" minCyclomaticComplexity="1" maxCrapScore="2" minCrapScore="2" visitedClasses="0" numClasses="0" visitedMethods="0" numMethods="1" />
              <MetadataToken>100663325</MetadataToken>
              <Name>System.Void AirlineReservationSystem.Tests.Controllers.FlightsControllerTest::FlightsDeleteLoadNullID()</Name>
              <FileRef uid="1" />
              <SequencePoints>
                <SequencePoint vc="0" uspid="147" ordinal="0" offset="0" sl="351" sc="9" el="351" ec="10" bec="0" bev="0" fileid="1" />
                <SequencePoint vc="0" uspid="148" ordinal="1" offset="1" sl="354" sc="13" el="354" ec="95" bec="0" bev="0" fileid="1" />
                <SequencePoint vc="0" uspid="149" ordinal="2" offset="27" sl="357" sc="13" el="357" ec="57" bec="0" bev="0" fileid="1" />
                <SequencePoint vc="0" uspid="150" ordinal="3" offset="44" sl="358" sc="9" el="358" ec="10" bec="0" bev="0" fileid="1" />
              </SequencePoints>
              <BranchPoints />
              <MethodPoint xsi:type="SequencePoint" vc="0" uspid="147" ordinal="0" offset="0" sl="351" sc="9" el="351" ec="10" bec="0" bev="0" fileid="1" />
            </Method>
            <Method visited="false" cyclomaticComplexity="1" nPathComplexity="0" sequenceCoverage="0" branchCoverage="0" crapScore="2" isConstructor="false" isStatic="false" isGetter="false" isSetter="false">
              <Summary numSequencePoints="4" visitedSequencePoints="0" numBranchPoints="1" visitedBranchPoints="0" sequenceCoverage="0" branchCoverage="0" maxCyclomaticComplexity="1" minCyclomaticComplexity="1" maxCrapScore="2" minCrapScore="2" visitedClasses="0" numClasses="0" visitedMethods="0" numMethods="1" />
              <MetadataToken>100663326</MetadataToken>
              <Name>System.Void AirlineReservationSystem.Tests.Controllers.FlightsControllerTest::FlightsDeleteHttpNotFouond()</Name>
              <FileRef uid="1" />
              <SequencePoints>
                <SequencePoint vc="0" uspid="151" ordinal="0" offset="0" sl="361" sc="9" el="361" ec="10" bec="0" bev="0" fileid="1" />
                <SequencePoint vc="0" uspid="152" ordinal="1" offset="1" sl="365" sc="13" el="365" ec="91" bec="0" bev="0" fileid="1" />
                <SequencePoint vc="0" uspid="153" ordinal="2" offset="28" sl="368" sc="13" el="368" ec="57" bec="0" bev="0" fileid="1" />
                <SequencePoint vc="0" uspid="154" ordinal="3" offset="45" sl="370" sc="9" el="370" ec="10" bec="0" bev="0" fileid="1" />
              </SequencePoints>
              <BranchPoints />
              <MethodPoint xsi:type="SequencePoint" vc="0" uspid="151" ordinal="0" offset="0" sl="361" sc="9" el="361" ec="10" bec="0" bev="0" fileid="1" />
            </Method>
            <Method visited="false" cyclomaticComplexity="2" nPathComplexity="0" sequenceCoverage="0" branchCoverage="0" crapScore="6" isConstructor="false" isStatic="false" isGetter="false" isSetter="false">
              <Summary numSequencePoints="5" visitedSequencePoints="0" numBranchPoints="1" visitedBranchPoints="0" sequenceCoverage="0" branchCoverage="0" maxCyclomaticComplexity="2" minCyclomaticComplexity="2" maxCrapScore="6" minCrapScore="6" visitedClasses="0" numClasses="0" visitedMethods="0" numMethods="1" />
              <MetadataToken>100663327</MetadataToken>
              <Name>System.Void AirlineReservationSystem.Tests.Controllers.FlightsControllerTest::FlightsDeleteLoadList()</Name>
              <FileRef uid="1" />
              <SequencePoints>
                <SequencePoint vc="0" uspid="155" ordinal="0" offset="0" sl="373" sc="9" el="373" ec="10" bec="0" bev="0" fileid="1" />
                <SequencePoint vc="0" uspid="156" ordinal="1" offset="1" sl="377" sc="13" el="377" ec="74" bec="0" bev="0" fileid="1" />
                <SequencePoint vc="0" uspid="157" ordinal="2" offset="33" sl="378" sc="13" el="378" ec="76" bec="0" bev="0" fileid="1" />
                <SequencePoint vc="0" uspid="158" ordinal="3" offset="76" sl="381" sc="13" el="381" ec="50" bec="0" bev="0" fileid="1" />
                <SequencePoint vc="0" uspid="159" ordinal="4" offset="84" sl="382" sc="9" el="382" ec="10" bec="0" bev="0" fileid="1" />
              </SequencePoints>
              <BranchPoints />
              <MethodPoint xsi:type="SequencePoint" vc="0" uspid="155" ordinal="0" offset="0" sl="373" sc="9" el="373" ec="10" bec="0" bev="0" fileid="1" />
            </Method>
            <Method visited="false" cyclomaticComplexity="2" nPathComplexity="0" sequenceCoverage="0" branchCoverage="0" crapScore="6" isConstructor="false" isStatic="false" isGetter="false" isSetter="false">
              <Summary numSequencePoints="4" visitedSequencePoints="0" numBranchPoints="1" visitedBranchPoints="0" sequenceCoverage="0" branchCoverage="0" maxCyclomaticComplexity="2" minCyclomaticComplexity="2" maxCrapScore="6" minCrapScore="6" visitedClasses="0" numClasses="0" visitedMethods="0" numMethods="1" />
              <MetadataToken>100663328</MetadataToken>
              <Name>System.Void AirlineReservationSystem.Tests.Controllers.FlightsControllerTest::FlightsDeleteConfirmed()</Name>
              <FileRef uid="1" />
              <SequencePoints>
                <SequencePoint vc="0" uspid="162" ordinal="0" offset="0" sl="386" sc="9" el="386" ec="10" bec="0" bev="0" fileid="1" />
                <SequencePoint vc="0" uspid="163" ordinal="1" offset="1" sl="389" sc="13" el="389" ec="76" bec="0" bev="0" fileid="1" />
                <SequencePoint vc="0" uspid="164" ordinal="2" offset="44" sl="392" sc="13" el="392" ec="39" bec="0" bev="0" fileid="1" />
                <SequencePoint vc="0" uspid="165" ordinal="3" offset="51" sl="393" sc="9" el="393" ec="10" bec="0" bev="0" fileid="1" />
              </SequencePoints>
              <BranchPoints />
              <MethodPoint xsi:type="SequencePoint" vc="0" uspid="162" ordinal="0" offset="0" sl="386" sc="9" el="386" ec="10" bec="0" bev="0" fileid="1" />
            </Method>
            <Method visited="false" cyclomaticComplexity="1" nPathComplexity="0" sequenceCoverage="0" branchCoverage="0" crapScore="2" isConstructor="false" isStatic="false" isGetter="false" isSetter="false">
              <Summary numSequencePoints="5" visitedSequencePoints="0" numBranchPoints="1" visitedBranchPoints="0" sequenceCoverage="0" branchCoverage="0" maxCyclomaticComplexity="1" minCyclomaticComplexity="1" maxCrapScore="2" minCrapScore="2" visitedClasses="0" numClasses="0" visitedMethods="0" numMethods="1" />
              <MetadataToken>100663329</MetadataToken>
              <Name>System.Void AirlineReservationSystem.Tests.Controllers.FlightsControllerTest::FlightsDeleteConfirmedValidRedirect()</Name>
              <FileRef uid="1" />
              <SequencePoints>
                <SequencePoint vc="0" uspid="168" ordinal="0" offset="0" sl="397" sc="9" el="397" ec="10" bec="0" bev="0" fileid="1" />
                <SequencePoint vc="0" uspid="169" ordinal="1" offset="1" sl="398" sc="13" el="398" ec="103" bec="0" bev="0" fileid="1" />
                <SequencePoint vc="0" uspid="170" ordinal="2" offset="23" sl="400" sc="13" el="400" ec="54" bec="0" bev="0" fileid="1" />
                <SequencePoint vc="0" uspid="171" ordinal="3" offset="35" sl="402" sc="13" el="402" ec="53" bec="0" bev="0" fileid="1" />
                <SequencePoint vc="0" uspid="172" ordinal="4" offset="58" sl="403" sc="9" el="403" ec="10" bec="0" bev="0" fileid="1" />
              </SequencePoints>
              <BranchPoints />
              <MethodPoint xsi:type="SequencePoint" vc="0" uspid="168" ordinal="0" offset="0" sl="397" sc="9" el="397" ec="10" bec="0" bev="0" fileid="1" />
            </Method>
            <Method visited="true" cyclomaticComplexity="1" nPathComplexity="0" sequenceCoverage="100" branchCoverage="100" crapScore="1" isConstructor="false" isStatic="false" isGetter="false" isSetter="false">
              <Summary numSequencePoints="5" visitedSequencePoints="5" numBranchPoints="1" visitedBranchPoints="1" sequenceCoverage="100" branchCoverage="100" maxCyclomaticComplexity="1" minCyclomaticComplexity="1" maxCrapScore="1" minCrapScore="1" visitedClasses="0" numClasses="0" visitedMethods="1" numMethods="1" />
              <MetadataToken>100663330</MetadataToken>
              <Name>System.Void AirlineReservationSystem.Tests.Controllers.FlightsControllerTest::FlightsDeleteConfirmedViewNotNull()</Name>
              <FileRef uid="1" />
              <SequencePoints>
                <SequencePoint vc="1" uspid="173" ordinal="0" offset="0" sl="407" sc="9" el="407" ec="10" bec="0" bev="0" fileid="1">
                  <TrackedMethodRefs>
                    <TrackedMethodRef uid="33" vc="1" />
                  </TrackedMethodRefs>
                </SequencePoint>
                <SequencePoint vc="1" uspid="174" ordinal="1" offset="1" sl="408" sc="13" el="408" ec="103" bec="0" bev="0" fileid="1">
                  <TrackedMethodRefs>
                    <TrackedMethodRef uid="33" vc="1" />
                  </TrackedMethodRefs>
                </SequencePoint>
                <SequencePoint vc="1" uspid="175" ordinal="2" offset="23" sl="410" sc="13" el="410" ec="54" bec="0" bev="0" fileid="1">
                  <TrackedMethodRefs>
                    <TrackedMethodRef uid="33" vc="1" />
                  </TrackedMethodRefs>
                </SequencePoint>
                <SequencePoint vc="1" uspid="176" ordinal="3" offset="35" sl="412" sc="13" el="412" ec="45" bec="0" bev="0" fileid="1">
                  <TrackedMethodRefs>
                    <TrackedMethodRef uid="33" vc="1" />
                  </TrackedMethodRefs>
                </SequencePoint>
                <SequencePoint vc="1" uspid="177" ordinal="4" offset="53" sl="413" sc="9" el="413" ec="10" bec="0" bev="0" fileid="1">
                  <TrackedMethodRefs>
                    <TrackedMethodRef uid="33" vc="1" />
                  </TrackedMethodRefs>
                </SequencePoint>
              </SequencePoints>
              <BranchPoints />
              <MethodPoint xsi:type="SequencePoint" vc="1" uspid="173" ordinal="0" offset="0" sl="407" sc="9" el="407" ec="10" bec="0" bev="0" fileid="1">
                <TrackedMethodRefs>
                  <TrackedMethodRef uid="33" vc="1" />
                </TrackedMethodRefs>
              </MethodPoint>
            </Method>
            <Method visited="false" cyclomaticComplexity="1" nPathComplexity="0" sequenceCoverage="0" branchCoverage="0" crapScore="2" isConstructor="false" isStatic="false" isGetter="false" isSetter="false">
              <Summary numSequencePoints="2" visitedSequencePoints="0" numBranchPoints="1" visitedBranchPoints="0" sequenceCoverage="0" branchCoverage="0" maxCyclomaticComplexity="1" minCyclomaticComplexity="1" maxCrapScore="2" minCrapScore="2" visitedClasses="0" numClasses="0" visitedMethods="0" numMethods="1" />
              <MetadataToken>100663331</MetadataToken>
              <Name>System.Void AirlineReservationSystem.Tests.Controllers.FlightsControllerTest::DisposeLoad()</Name>
              <FileRef uid="1" />
              <SequencePoints>
                <SequencePoint vc="0" uspid="178" ordinal="0" offset="0" sl="416" sc="9" el="416" ec="10" bec="0" bev="0" fileid="1" />
                <SequencePoint vc="0" uspid="179" ordinal="1" offset="1" sl="418" sc="9" el="418" ec="10" bec="0" bev="0" fileid="1" />
              </SequencePoints>
              <BranchPoints />
              <MethodPoint xsi:type="SequencePoint" vc="0" uspid="178" ordinal="0" offset="0" sl="416" sc="9" el="416" ec="10" bec="0" bev="0" fileid="1" />
            </Method>
            <Method visited="false" cyclomaticComplexity="1" nPathComplexity="0" sequenceCoverage="0" branchCoverage="0" crapScore="2" isConstructor="true" isStatic="false" isGetter="false" isSetter="false">
              <Summary numSequencePoints="0" visitedSequencePoints="0" numBranchPoints="0" visitedBranchPoints="0" sequenceCoverage="0" branchCoverage="0" maxCyclomaticComplexity="1" minCyclomaticComplexity="1" maxCrapScore="2" minCrapScore="2" visitedClasses="0" numClasses="0" visitedMethods="0" numMethods="0" />
              <MetadataToken>100663332</MetadataToken>
              <Name>System.Void AirlineReservationSystem.Tests.Controllers.FlightsControllerTest::.ctor()</Name>
              <SequencePoints />
              <BranchPoints />
              <MethodPoint vc="0" uspid="180" ordinal="0" offset="0" />
            </Method>
          </Methods>
        </Class>
        <Class>
          <Summary numSequencePoints="3" visitedSequencePoints="0" numBranchPoints="3" visitedBranchPoints="0" sequenceCoverage="0" branchCoverage="0" maxCyclomaticComplexity="1" minCyclomaticComplexity="1" maxCrapScore="2" minCrapScore="2" visitedClasses="0" numClasses="1" visitedMethods="0" numMethods="3" />
          <FullName>AirlineReservationSystem.Tests.Controllers.FlightsControllerTest/&lt;&gt;c</FullName>
          <Methods>
            <Method visited="false" cyclomaticComplexity="1" nPathComplexity="0" sequenceCoverage="0" branchCoverage="0" crapScore="2" isConstructor="true" isStatic="true" isGetter="false" isSetter="false">
              <Summary numSequencePoints="0" visitedSequencePoints="0" numBranchPoints="0" visitedBranchPoints="0" sequenceCoverage="0" branchCoverage="0" maxCyclomaticComplexity="1" minCyclomaticComplexity="1" maxCrapScore="2" minCrapScore="2" visitedClasses="0" numClasses="0" visitedMethods="0" numMethods="0" />
              <MetadataToken>100663337</MetadataToken>
              <Name>System.Void AirlineReservationSystem.Tests.Controllers.FlightsControllerTest/&lt;&gt;c::.cctor()</Name>
              <SequencePoints />
              <BranchPoints />
              <MethodPoint vc="0" uspid="181" ordinal="0" offset="0" />
            </Method>
            <Method visited="false" cyclomaticComplexity="1" nPathComplexity="0" sequenceCoverage="0" branchCoverage="0" crapScore="2" isConstructor="true" isStatic="false" isGetter="false" isSetter="false">
              <Summary numSequencePoints="0" visitedSequencePoints="0" numBranchPoints="0" visitedBranchPoints="0" sequenceCoverage="0" branchCoverage="0" maxCyclomaticComplexity="1" minCyclomaticComplexity="1" maxCrapScore="2" minCrapScore="2" visitedClasses="0" numClasses="0" visitedMethods="0" numMethods="0" />
              <MetadataToken>100663338</MetadataToken>
              <Name>System.Void AirlineReservationSystem.Tests.Controllers.FlightsControllerTest/&lt;&gt;c::.ctor()</Name>
              <SequencePoints />
              <BranchPoints />
              <MethodPoint vc="0" uspid="182" ordinal="0" offset="0" />
            </Method>
            <Method visited="false" cyclomaticComplexity="1" nPathComplexity="0" sequenceCoverage="0" branchCoverage="0" crapScore="2" isConstructor="false" isStatic="false" isGetter="false" isSetter="false">
              <Summary numSequencePoints="1" visitedSequencePoints="0" numBranchPoints="1" visitedBranchPoints="0" sequenceCoverage="0" branchCoverage="0" maxCyclomaticComplexity="1" minCyclomaticComplexity="1" maxCrapScore="2" minCrapScore="2" visitedClasses="0" numClasses="0" visitedMethods="0" numMethods="1" />
              <MetadataToken>100663339</MetadataToken>
              <Name>System.Boolean AirlineReservationSystem.Tests.Controllers.FlightsControllerTest/&lt;&gt;c::&lt;FlightsDetailsList&gt;b__13_0(AirlineReservationSystem.Models.Flight)</Name>
              <FileRef uid="1" />
              <SequencePoints>
                <SequencePoint vc="0" uspid="183" ordinal="0" offset="0" sl="148" sc="56" el="148" ec="74" bec="0" bev="0" fileid="1" />
              </SequencePoints>
              <BranchPoints />
              <MethodPoint xsi:type="SequencePoint" vc="0" uspid="183" ordinal="0" offset="0" sl="148" sc="56" el="148" ec="74" bec="0" bev="0" fileid="1" />
            </Method>
            <Method visited="false" cyclomaticComplexity="1" nPathComplexity="0" sequenceCoverage="0" branchCoverage="0" crapScore="2" isConstructor="false" isStatic="false" isGetter="false" isSetter="false">
              <Summary numSequencePoints="1" visitedSequencePoints="0" numBranchPoints="1" visitedBranchPoints="0" sequenceCoverage="0" branchCoverage="0" maxCyclomaticComplexity="1" minCyclomaticComplexity="1" maxCrapScore="2" minCrapScore="2" visitedClasses="0" numClasses="0" visitedMethods="0" numMethods="1" />
              <MetadataToken>100663340</MetadataToken>
              <Name>System.Boolean AirlineReservationSystem.Tests.Controllers.FlightsControllerTest/&lt;&gt;c::&lt;FlightsDeleteLoadList&gt;b__34_0(AirlineReservationSystem.Models.Flight)</Name>
              <FileRef uid="1" />
              <SequencePoints>
                <SequencePoint vc="0" uspid="184" ordinal="0" offset="0" sl="378" sc="56" el="378" ec="74" bec="0" bev="0" fileid="1" />
              </SequencePoints>
              <BranchPoints />
              <MethodPoint xsi:type="SequencePoint" vc="0" uspid="184" ordinal="0" offset="0" sl="378" sc="56" el="378" ec="74" bec="0" bev="0" fileid="1" />
            </Method>
            <Method visited="false" cyclomaticComplexity="1" nPathComplexity="0" sequenceCoverage="0" branchCoverage="0" crapScore="2" isConstructor="false" isStatic="false" isGetter="false" isSetter="false">
              <Summary numSequencePoints="1" visitedSequencePoints="0" numBranchPoints="1" visitedBranchPoints="0" sequenceCoverage="0" branchCoverage="0" maxCyclomaticComplexity="1" minCyclomaticComplexity="1" maxCrapScore="2" minCrapScore="2" visitedClasses="0" numClasses="0" visitedMethods="0" numMethods="1" />
              <MetadataToken>100663341</MetadataToken>
              <Name>System.Boolean AirlineReservationSystem.Tests.Controllers.FlightsControllerTest/&lt;&gt;c::&lt;FlightsDeleteConfirmed&gt;b__35_0(AirlineReservationSystem.Models.Flight)</Name>
              <FileRef uid="1" />
              <SequencePoints>
                <SequencePoint vc="0" uspid="185" ordinal="0" offset="0" sl="389" sc="56" el="389" ec="74" bec="0" bev="0" fileid="1" />
              </SequencePoints>
              <BranchPoints />
              <MethodPoint xsi:type="SequencePoint" vc="0" uspid="185" ordinal="0" offset="0" sl="389" sc="56" el="389" ec="74" bec="0" bev="0" fileid="1" />
            </Method>
          </Methods>
        </Class>
        <Class>
          <Summary numSequencePoints="15" visitedSequencePoints="0" numBranchPoints="3" visitedBranchPoints="0" sequenceCoverage="0" branchCoverage="0" maxCyclomaticComplexity="3" minCyclomaticComplexity="1" maxCrapScore="12" minCrapScore="2" visitedClasses="0" numClasses="1" visitedMethods="0" numMethods="3" />
          <FullName>AirlineReservationSystem.Tests.Controllers.HomeControllerTest</FullName>
          <Methods>
            <Method visited="false" cyclomaticComplexity="1" nPathComplexity="0" sequenceCoverage="0" branchCoverage="0" crapScore="2" isConstructor="false" isStatic="false" isGetter="false" isSetter="false">
              <Summary numSequencePoints="5" visitedSequencePoints="0" numBranchPoints="1" visitedBranchPoints="0" sequenceCoverage="0" branchCoverage="0" maxCyclomaticComplexity="1" minCyclomaticComplexity="1" maxCrapScore="2" minCrapScore="2" visitedClasses="0" numClasses="0" visitedMethods="0" numMethods="1" />
              <MetadataToken>100663333</MetadataToken>
              <Name>System.Void AirlineReservationSystem.Tests.Controllers.HomeControllerTest::Index()</Name>
              <FileRef uid="3" />
              <SequencePoints>
                <SequencePoint vc="0" uspid="186" ordinal="0" offset="0" sl="12" sc="9" el="12" ec="10" bec="0" bev="0" fileid="3" />
                <SequencePoint vc="0" uspid="187" ordinal="1" offset="1" sl="14" sc="13" el="14" ec="62" bec="0" bev="0" fileid="3" />
                <SequencePoint vc="0" uspid="188" ordinal="2" offset="7" sl="17" sc="13" el="17" ec="66" bec="0" bev="0" fileid="3" />
                <SequencePoint vc="0" uspid="189" ordinal="3" offset="19" sl="20" sc="13" el="20" ec="38" bec="0" bev="0" fileid="3" />
                <SequencePoint vc="0" uspid="190" ordinal="4" offset="26" sl="21" sc="9" el="21" ec="10" bec="0" bev="0" fileid="3" />
              </SequencePoints>
              <BranchPoints />
              <MethodPoint xsi:type="SequencePoint" vc="0" uspid="186" ordinal="0" offset="0" sl="12" sc="9" el="12" ec="10" bec="0" bev="0" fileid="3" />
            </Method>
            <Method visited="false" cyclomaticComplexity="3" nPathComplexity="0" sequenceCoverage="0" branchCoverage="0" crapScore="12" isConstructor="false" isStatic="false" isGetter="false" isSetter="false">
              <Summary numSequencePoints="5" visitedSequencePoints="0" numBranchPoints="1" visitedBranchPoints="0" sequenceCoverage="0" branchCoverage="0" maxCyclomaticComplexity="3" minCyclomaticComplexity="3" maxCrapScore="12" minCrapScore="12" visitedClasses="0" numClasses="0" visitedMethods="0" numMethods="1" />
              <MetadataToken>100663334</MetadataToken>
              <Name>System.Void AirlineReservationSystem.Tests.Controllers.HomeControllerTest::About()</Name>
              <FileRef uid="3" />
              <SequencePoints>
                <SequencePoint vc="0" uspid="191" ordinal="0" offset="0" sl="25" sc="9" el="25" ec="10" bec="0" bev="0" fileid="3" />
                <SequencePoint vc="0" uspid="192" ordinal="1" offset="1" sl="27" sc="13" el="27" ec="62" bec="0" bev="0" fileid="3" />
                <SequencePoint vc="0" uspid="193" ordinal="2" offset="7" sl="30" sc="13" el="30" ec="65" bec="0" bev="0" fileid="3" />
                <SequencePoint vc="0" uspid="194" ordinal="3" offset="19" sl="33" sc="13" el="33" ec="83" bec="0" bev="0" fileid="3" />
                <SequencePoint vc="0" uspid="195" ordinal="4" offset="219" sl="34" sc="9" el="34" ec="10" bec="0" bev="0" fileid="3" />
              </SequencePoints>
              <BranchPoints />
              <MethodPoint xsi:type="SequencePoint" vc="0" uspid="191" ordinal="0" offset="0" sl="25" sc="9" el="25" ec="10" bec="0" bev="0" fileid="3" />
            </Method>
            <Method visited="false" cyclomaticComplexity="1" nPathComplexity="0" sequenceCoverage="0" branchCoverage="0" crapScore="2" isConstructor="false" isStatic="false" isGetter="false" isSetter="false">
              <Summary numSequencePoints="5" visitedSequencePoints="0" numBranchPoints="1" visitedBranchPoints="0" sequenceCoverage="0" branchCoverage="0" maxCyclomaticComplexity="1" minCyclomaticComplexity="1" maxCrapScore="2" minCrapScore="2" visitedClasses="0" numClasses="0" visitedMethods="0" numMethods="1" />
              <MetadataToken>100663335</MetadataToken>
              <Name>System.Void AirlineReservationSystem.Tests.Controllers.HomeControllerTest::Contact()</Name>
              <FileRef uid="3" />
              <SequencePoints>
                <SequencePoint vc="0" uspid="200" ordinal="0" offset="0" sl="38" sc="9" el="38" ec="10" bec="0" bev="0" fileid="3" />
                <SequencePoint vc="0" uspid="201" ordinal="1" offset="1" sl="40" sc="13" el="40" ec="62" bec="0" bev="0" fileid="3" />
                <SequencePoint vc="0" uspid="202" ordinal="2" offset="7" sl="43" sc="13" el="43" ec="65" bec="0" bev="0" fileid="3" />
                <SequencePoint vc="0" uspid="203" ordinal="3" offset="19" sl="46" sc="13" el="46" ec="38" bec="0" bev="0" fileid="3" />
                <SequencePoint vc="0" uspid="204" ordinal="4" offset="26" sl="47" sc="9" el="47" ec="10" bec="0" bev="0" fileid="3" />
              </SequencePoints>
              <BranchPoints />
              <MethodPoint xsi:type="SequencePoint" vc="0" uspid="200" ordinal="0" offset="0" sl="38" sc="9" el="38" ec="10" bec="0" bev="0" fileid="3" />
            </Method>
            <Method visited="false" cyclomaticComplexity="1" nPathComplexity="0" sequenceCoverage="0" branchCoverage="0" crapScore="2" isConstructor="true" isStatic="false" isGetter="false" isSetter="false">
              <Summary numSequencePoints="0" visitedSequencePoints="0" numBranchPoints="0" visitedBranchPoints="0" sequenceCoverage="0" branchCoverage="0" maxCyclomaticComplexity="1" minCyclomaticComplexity="1" maxCrapScore="2" minCrapScore="2" visitedClasses="0" numClasses="0" visitedMethods="0" numMethods="0" />
              <MetadataToken>100663336</MetadataToken>
              <Name>System.Void AirlineReservationSystem.Tests.Controllers.HomeControllerTest::.ctor()</Name>
              <SequencePoints />
              <BranchPoints />
              <MethodPoint vc="0" uspid="205" ordinal="0" offset="0" />
            </Method>
          </Methods>
        </Class>
      </Classes>
      <TrackedMethods>
        <TrackedMethod uid="1" token="100663298" name="System.Void AirlineReservationSystem.Tests.Controllers.FlightsControllerTest::FlightsViewLoad()" strategy="MSTestTest" />
        <TrackedMethod uid="2" token="100663299" name="System.Void AirlineReservationSystem.Tests.Controllers.FlightsControllerTest::FlightsViewLoadViewName()" strategy="MSTestTest" />
        <TrackedMethod uid="3" token="100663300" name="System.Void AirlineReservationSystem.Tests.Controllers.FlightsControllerTest::FlightsViewLoadViewBagMessage()" strategy="MSTestTest" />
        <TrackedMethod uid="4" token="100663301" name="System.Void AirlineReservationSystem.Tests.Controllers.FlightsControllerTest::FlightsLoadList()" strategy="MSTestTest" />
        <TrackedMethod uid="5" token="100663302" name="System.Void AirlineReservationSystem.Tests.Controllers.FlightsControllerTest::FlightsDetailsLoad()" strategy="MSTestTest" />
        <TrackedMethod uid="6" token="100663303" name="System.Void AirlineReservationSystem.Tests.Controllers.FlightsControllerTest::FlightsDetailsLoadfViewName()" strategy="MSTestTest" />
        <TrackedMethod uid="7" token="100663304" name="System.Void AirlineReservationSystem.Tests.Controllers.FlightsControllerTest::FlightsDetailsLoadNullID()" strategy="MSTestTest" />
        <TrackedMethod uid="8" token="100663305" name="System.Void AirlineReservationSystem.Tests.Controllers.FlightsControllerTest::FlightsDetailsHttpNotFound()" strategy="MSTestTest" />
        <TrackedMethod uid="9" token="100663306" name="System.Void AirlineReservationSystem.Tests.Controllers.FlightsControllerTest::FlightsDetailsList()" strategy="MSTestTest" />
        <TrackedMethod uid="10" token="100663307" name="System.Void AirlineReservationSystem.Tests.Controllers.FlightsControllerTest::FlightsCreateLoad()" strategy="MSTestTest" />
        <TrackedMethod uid="11" token="100663308" name="System.Void AirlineReservationSystem.Tests.Controllers.FlightsControllerTest::FlightsCreateLoadType()" strategy="MSTestTest" />
        <TrackedMethod uid="12" token="100663309" name="System.Void AirlineReservationSystem.Tests.Controllers.FlightsControllerTest::FlightsCreateViewBagMessag()" strategy="MSTestTest" />
        <TrackedMethod uid="13" token="100663310" name="System.Void AirlineReservationSystem.Tests.Controllers.FlightsControllerTest::FlightsCreateNullResult()" strategy="MSTestTest" />
        <TrackedMethod uid="14" token="100663311" name="System.Void AirlineReservationSystem.Tests.Controllers.FlightsControllerTest::FlightsCreateActionResult()" strategy="MSTestTest" />
        <TrackedMethod uid="15" token="100663312" name="System.Void AirlineReservationSystem.Tests.Controllers.FlightsControllerTest::FlightsCreateActionResultNotNull()" strategy="MSTestTest" />
        <TrackedMethod uid="16" token="100663313" name="System.Void AirlineReservationSystem.Tests.Controllers.FlightsControllerTest::FlightsCreateViewBag()" strategy="MSTestTest" />
        <TrackedMethod uid="17" token="100663314" name="System.Void AirlineReservationSystem.Tests.Controllers.FlightsControllerTest::FlightsEditeLoad()" strategy="MSTestTest" />
        <TrackedMethod uid="18" token="100663315" name="System.Void AirlineReservationSystem.Tests.Controllers.FlightsControllerTest::FlightsEditLoadViewName()" strategy="MSTestTest" />
        <TrackedMethod uid="19" token="100663316" name="System.Void AirlineReservationSystem.Tests.Controllers.FlightsControllerTest::FlightsEditLoadNullID()" strategy="MSTestTest" />
        <TrackedMethod uid="20" token="100663317" name="System.Void AirlineReservationSystem.Tests.Controllers.FlightsControllerTest::FlightsEditHttpNotFouond()" strategy="MSTestTest" />
        <TrackedMethod uid="21" token="100663318" name="System.Void AirlineReservationSystem.Tests.Controllers.FlightsControllerTest::FlightsEditViewBag()" strategy="MSTestTest" />
        <TrackedMethod uid="22" token="100663319" name="System.Void AirlineReservationSystem.Tests.Controllers.FlightsControllerTest::FlightEditPostViewLoads()" strategy="MSTestTest" />
        <TrackedMethod uid="23" token="100663320" name="System.Void AirlineReservationSystem.Tests.Controllers.FlightsControllerTest::FlightEditPostViewName()" strategy="MSTestTest" />
        <TrackedMethod uid="24" token="100663321" name="System.Void AirlineReservationSystem.Tests.Controllers.FlightsControllerTest::FLightsEditPostInvalidModel()" strategy="MSTestTest" />
        <TrackedMethod uid="25" token="100663322" name="System.Void AirlineReservationSystem.Tests.Controllers.FlightsControllerTest::FlightEditPostViewBeg()" strategy="MSTestTest" />
        <TrackedMethod uid="26" token="100663323" name="System.Void AirlineReservationSystem.Tests.Controllers.FlightsControllerTest::FlightsDeleteLoad()" strategy="MSTestTest" />
        <TrackedMethod uid="27" token="100663324" name="System.Void AirlineReservationSystem.Tests.Controllers.FlightsControllerTest::FlightsDeleteLoadViewName()" strategy="MSTestTest" />
        <TrackedMethod uid="28" token="100663325" name="System.Void AirlineReservationSystem.Tests.Controllers.FlightsControllerTest::FlightsDeleteLoadNullID()" strategy="MSTestTest" />
        <TrackedMethod uid="29" token="100663326" name="System.Void AirlineReservationSystem.Tests.Controllers.FlightsControllerTest::FlightsDeleteHttpNotFouond()" strategy="MSTestTest" />
        <TrackedMethod uid="30" token="100663327" name="System.Void AirlineReservationSystem.Tests.Controllers.FlightsControllerTest::FlightsDeleteLoadList()" strategy="MSTestTest" />
        <TrackedMethod uid="31" token="100663328" name="System.Void AirlineReservationSystem.Tests.Controllers.FlightsControllerTest::FlightsDeleteConfirmed()" strategy="MSTestTest" />
        <TrackedMethod uid="32" token="100663329" name="System.Void AirlineReservationSystem.Tests.Controllers.FlightsControllerTest::FlightsDeleteConfirmedValidRedirect()" strategy="MSTestTest" />
        <TrackedMethod uid="33" token="100663330" name="System.Void AirlineReservationSystem.Tests.Controllers.FlightsControllerTest::FlightsDeleteConfirmedViewNotNull()" strategy="MSTestTest" />
        <TrackedMethod uid="34" token="100663333" name="System.Void AirlineReservationSystem.Tests.Controllers.HomeControllerTest::Index()" strategy="MSTestTest" />
        <TrackedMethod uid="35" token="100663334" name="System.Void AirlineReservationSystem.Tests.Controllers.HomeControllerTest::About()" strategy="MSTestTest" />
        <TrackedMethod uid="36" token="100663335" name="System.Void AirlineReservationSystem.Tests.Controllers.HomeControllerTest::Contact()" strategy="MSTestTest" />
      </TrackedMethods>
    </Module>
    <Module hash="FB-D9-53-1B-C1-A4-FF-05-4E-5D-65-51-4F-BC-EB-77-00-CE-80-8C">
      <Summary numSequencePoints="823" visitedSequencePoints="24" numBranchPoints="328" visitedBranchPoints="7" sequenceCoverage="2.92" branchCoverage="2.13" maxCyclomaticComplexity="23" minCyclomaticComplexity="0" maxCrapScore="552" minCrapScore="0" visitedClasses="5" numClasses="51" visitedMethods="7" numMethods="135" />
      <ModulePath>G:\ASP.NET\AirlineReservationSystem\AirlineReservationSystem.Tests\bin\Debug\AirlineReservationSystem.dll</ModulePath>
      <ModuleTime>2019-04-02T03:03:50.1877045Z</ModuleTime>
      <ModuleName>AirlineReservationSystem</ModuleName>
      <Files>
        <File uid="7" fullPath="G:\ASP.NET\AirlineReservationSystem\AirlineReservationSystem\App_Start\BundleConfig.cs" />
[...]
                <SequencePoint vc="0" uspid="1549" ordinal="1" offset="1" sl="45" sc="13" el="45" ec="89" bec="0" bev="0" fileid="77" />
                <SequencePoint vc="0" uspid="1550" ordinal="2" offset="120" sl="46" sc="13" el="46" ec="97" bec="0" bev="0" fileid="77" />
                <SequencePoint vc="0" uspid="1551" ordinal="3" offset="239" sl="47" sc="13" el="47" ec="27" bec="0" bev="0" fileid="77" />
                <SequencePoint vc="0" uspid="1552" ordinal="4" offset="248" sl="48" sc="9" el="48" ec="10" bec="0" bev="0" fileid="77" />
              </SequencePoints>
              <BranchPoints />
              <MethodPoint xsi:type="SequencePoint" vc="0" uspid="1548" ordinal="0" offset="0" sl="44" sc="9" el="44" ec="10" bec="0" bev="0" fileid="77" />
            </Method>
            <Method visited="false" cyclomaticComplexity="4" nPathComplexity="2" sequenceCoverage="0" branchCoverage="0" crapScore="20" isConstructor="false" isStatic="false" isGetter="false" isSetter="false">
              <Summary numSequencePoints="10" visitedSequencePoints="0" numBranchPoints="3" visitedBranchPoints="0" sequenceCoverage="0" branchCoverage="0" maxCyclomaticComplexity="4" minCyclomaticComplexity="4" maxCrapScore="20" minCrapScore="20" visitedClasses="0" numClasses="0" visitedMethods="0" numMethods="1" />
              <MetadataToken>100663632</MetadataToken>
              <Name>System.Web.Mvc.ActionResult AirlineReservationSystem.Controllers.TicketsController::Create(AirlineReservationSystem.Models.Ticket)</Name>
              <FileRef uid="77" />
              <SequencePoints>
                <SequencePoint vc="0" uspid="1557" ordinal="0" offset="0" sl="56" sc="9" el="56" ec="10" bec="0" bev="0" fileid="77" />
                <SequencePoint vc="0" uspid="1558" ordinal="1" offset="1" sl="57" sc="13" el="57" ec="36" bec="2" bev="0" fileid="77" />
                <SequencePoint vc="0" uspid="1559" ordinal="2" offset="16" sl="58" sc="13" el="58" ec="14" bec="0" bev="0" fileid="77" />
                <SequencePoint vc="0" uspid="1560" ordinal="3" offset="17" sl="59" sc="17" el="59" ec="40" bec="0" bev="0" fileid="77" />
                <SequencePoint vc="0" uspid="1561" ordinal="4" offset="35" sl="60" sc="17" el="60" ec="34" bec="0" bev="0" fileid="77" />
                <SequencePoint vc="0" uspid="1562" ordinal="5" offset="47" sl="61" sc="17" el="61" ec="50" bec="0" bev="0" fileid="77" />
                <SequencePoint vc="0" uspid="1563" ordinal="6" offset="64" sl="64" sc="13" el="64" ec="108" bec="0" bev="0" fileid="77" />
                <SequencePoint vc="0" uspid="1564" ordinal="7" offset="194" sl="65" sc="13" el="65" ec="117" bec="0" bev="0" fileid="77" />
                <SequencePoint vc="0" uspid="1565" ordinal="8" offset="324" sl="66" sc="13" el="66" ec="33" bec="0" bev="0" fileid="77" />
                <SequencePoint vc="0" uspid="1566" ordinal="9" offset="334" sl="67" sc="9" el="67" ec="10" bec="0" bev="0" fileid="77" />
              </SequencePoints>
              <BranchPoints>
                <BranchPoint vc="0" uspid="1567" ordinal="0" offset="14" sl="57" path="0" offsetend="16" fileid="77" />
                <BranchPoint vc="0" uspid="1568" ordinal="1" offset="14" sl="57" path="1" offsetend="64" fileid="77" />
              </BranchPoints>
              <MethodPoint xsi:type="SequencePoint" vc="0" uspid="1557" ordinal="0" offset="0" sl="56" sc="9" el="56" ec="10" bec="0" bev="0" fileid="77" />
            </Method>
            <Method visited="false" cyclomaticComplexity="5" nPathComplexity="4" sequenceCoverage="0" branchCoverage="0" crapScore="30" isConstructor="false" isStatic="false" isGetter="false" isSetter="false">
              <Summary numSequencePoints="12" visitedSequencePoints="0" numBranchPoints="5" visitedBranchPoints="0" sequenceCoverage="0" branchCoverage="0" maxCyclomaticComplexity="5" minCyclomaticComplexity="5" maxCrapScore="30" minCrapScore="30" visitedClasses="0" numClasses="0" visitedMethods="0" numMethods="1" />
              <MetadataToken>100663633</MetadataToken>
              <Name>System.Web.Mvc.ActionResult AirlineReservationSystem.Controllers.TicketsController::Edit(System.Nullable`1&lt;System.Int32&gt;)</Name>
              <FileRef uid="77" />
              <SequencePoints>
                <SequencePoint vc="0" uspid="1573" ordinal="0" offset="0" sl="71" sc="9" el="71" ec="10" bec="0" bev="0" fileid="77" />
                <SequencePoint vc="0" uspid="1574" ordinal="1" offset="1" sl="72" sc="13" el="72" ec="28" bec="2" bev="0" fileid="77" />
                <SequencePoint vc="0" uspid="1575" ordinal="2" offset="15" sl="73" sc="13" el="73" ec="14" bec="0" bev="0" fileid="77" />
                <SequencePoint vc="0" uspid="1576" ordinal="3" offset="16" sl="74" sc="17" el="74" ec="76" bec="0" bev="0" fileid="77" />
                <SequencePoint vc="0" uspid="1577" ordinal="4" offset="32" sl="76" sc="13" el="76" ec="49" bec="0" bev="0" fileid="77" />
                <SequencePoint vc="0" uspid="1578" ordinal="5" offset="64" sl="77" sc="13" el="77" ec="32" bec="2" bev="0" fileid="77" />
                <SequencePoint vc="0" uspid="1579" ordinal="6" offset="72" sl="78" sc="13" el="78" ec="14" bec="0" bev="0" fileid="77" />
                <SequencePoint vc="0" uspid="1580" ordinal="7" offset="73" sl="79" sc="17" el="79" ec="39" bec="0" bev="0" fileid="77" />
                <SequencePoint vc="0" uspid="1581" ordinal="8" offset="85" sl="81" sc="13" el="81" ec="108" bec="0" bev="0" fileid="77" />
                <SequencePoint vc="0" uspid="1582" ordinal="9" offset="215" sl="82" sc="13" el="82" ec="117" bec="0" bev="0" fileid="77" />
                <SequencePoint vc="0" uspid="1583" ordinal="10" offset="345" sl="83" sc="13" el="83" ec="33" bec="0" bev="0" fileid="77" />
                <SequencePoint vc="0" uspid="1584" ordinal="11" offset="355" sl="84" sc="9" el="84" ec="10" bec="0" bev="0" fileid="77" />
              </SequencePoints>
              <BranchPoints>
                <BranchPoint vc="0" uspid="1585" ordinal="0" offset="13" sl="72" path="0" offsetend="15" fileid="77" />
                <BranchPoint vc="0" uspid="1586" ordinal="1" offset="13" sl="72" path="1" offsetend="32" fileid="77" />
                <BranchPoint vc="0" uspid="1587" ordinal="2" offset="70" sl="77" path="0" offsetend="72" fileid="77" />
                <BranchPoint vc="0" uspid="1588" ordinal="3" offset="70" sl="77" path="1" offsetend="85" fileid="77" />
              </BranchPoints>
              <MethodPoint xsi:type="SequencePoint" vc="0" uspid="1573" ordinal="0" offset="0" sl="71" sc="9" el="71" ec="10" bec="0" bev="0" fileid="77" />
            </Method>
            <Method visited="false" cyclomaticComplexity="4" nPathComplexity="2" sequenceCoverage="0" branchCoverage="0" crapScore="20" isConstructor="false" isStatic="false" isGetter="false" isSetter="false">
              <Summary numSequencePoints="10" visitedSequencePoints="0" numBranchPoints="3" visitedBranchPoints="0" sequenceCoverage="0" branchCoverage="0" maxCyclomaticComplexity="4" minCyclomaticComplexity="4" maxCrapScore="20" minCrapScore="20" visitedClasses="0" numClasses="0" visitedMethods="0" numMethods="1" />
              <MetadataToken>100663634</MetadataToken>
              <Name>System.Web.Mvc.ActionResult AirlineReservationSystem.Controllers.TicketsController::Edit(AirlineReservationSystem.Models.Ticket)</Name>
              <FileRef uid="77" />
              <SequencePoints>
                <SequencePoint vc="0" uspid="1593" ordinal="0" offset="0" sl="92" sc="9" el="92" ec="10" bec="0" bev="0" fileid="77" />
                <SequencePoint vc="0" uspid="1594" ordinal="1" offset="1" sl="93" sc="13" el="93" ec="36" bec="2" bev="0" fileid="77" />
                <SequencePoint vc="0" uspid="1595" ordinal="2" offset="16" sl="94" sc="13" el="94" ec="14" bec="0" bev="0" fileid="77" />
                <SequencePoint vc="0" uspid="1596" ordinal="3" offset="17" sl="95" sc="17" el="95" ec="63" bec="0" bev="0" fileid="77" />
                <SequencePoint vc="0" uspid="1597" ordinal="4" offset="37" sl="96" sc="17" el="96" ec="34" bec="0" bev="0" fileid="77" />
                <SequencePoint vc="0" uspid="1598" ordinal="5" offset="49" sl="97" sc="17" el="97" ec="50" bec="0" bev="0" fileid="77" />
                <SequencePoint vc="0" uspid="1599" ordinal="6" offset="66" sl="99" sc="13" el="99" ec="108" bec="0" bev="0" fileid="77" />
                <SequencePoint vc="0" uspid="1600" ordinal="7" offset="196" sl="100" sc="13" el="100" ec="117" bec="0" bev="0" fileid="77" />
                <SequencePoint vc="0" uspid="1601" ordinal="8" offset="326" sl="101" sc="13" el="101" ec="33" bec="0" bev="0" fileid="77" />
                <SequencePoint vc="0" uspid="1602" ordinal="9" offset="336" sl="102" sc="9" el="102" ec="10" bec="0" bev="0" fileid="77" />
              </SequencePoints>
              <BranchPoints>
                <BranchPoint vc="0" uspid="1603" ordinal="0" offset="14" sl="93" path="0" offsetend="16" fileid="77" />
                <BranchPoint vc="0" uspid="1604" ordinal="1" offset="14" sl="93" path="1" offsetend="66" fileid="77" />
              </BranchPoints>
              <MethodPoint xsi:type="SequencePoint" vc="0" uspid="1593" ordinal="0" offset="0" sl="92" sc="9" el="92" ec="10" bec="0" bev="0" fileid="77" />
            </Method>
            <Method visited="false" cyclomaticComplexity="3" nPathComplexity="4" sequenceCoverage="0" branchCoverage="0" crapScore="12" isConstructor="false" isStatic="false" isGetter="false" isSetter="false">
              <Summary numSequencePoints="10" visitedSequencePoints="0" numBranchPoints="5" visitedBranchPoints="0" sequenceCoverage="0" branchCoverage="0" maxCyclomaticComplexity="3" minCyclomaticComplexity="3" maxCrapScore="12" minCrapScore="12" visitedClasses="0" numClasses="0" visitedMethods="0" numMethods="1" />
              <MetadataToken>100663635</MetadataToken>
              <Name>System.Web.Mvc.ActionResult AirlineReservationSystem.Controllers.TicketsController::Delete(System.Nullable`1&lt;System.Int32&gt;)</Name>
              <FileRef uid="77" />
              <SequencePoints>
                <SequencePoint vc="0" uspid="1609" ordinal="0" offset="0" sl="106" sc="9" el="106" ec="10" bec="0" bev="0" fileid="77" />
                <SequencePoint vc="0" uspid="1610" ordinal="1" offset="1" sl="107" sc="13" el="107" ec="28" bec="2" bev="0" fileid="77" />
                <SequencePoint vc="0" uspid="1611" ordinal="2" offset="15" sl="108" sc="13" el="108" ec="14" bec="0" bev="0" fileid="77" />
                <SequencePoint vc="0" uspid="1612" ordinal="3" offset="16" sl="109" sc="17" el="109" ec="76" bec="0" bev="0" fileid="77" />
                <SequencePoint vc="0" uspid="1613" ordinal="4" offset="29" sl="111" sc="13" el="111" ec="49" bec="0" bev="0" fileid="77" />
                <SequencePoint vc="0" uspid="1614" ordinal="5" offset="61" sl="112" sc="13" el="112" ec="32" bec="2" bev="0" fileid="77" />
                <SequencePoint vc="0" uspid="1615" ordinal="6" offset="69" sl="113" sc="13" el="113" ec="14" bec="0" bev="0" fileid="77" />
                <SequencePoint vc="0" uspid="1616" ordinal="7" offset="70" sl="114" sc="17" el="114" ec="39" bec="0" bev="0" fileid="77" />
                <SequencePoint vc="0" uspid="1617" ordinal="8" offset="79" sl="116" sc="13" el="116" ec="33" bec="0" bev="0" fileid="77" />
                <SequencePoint vc="0" uspid="1618" ordinal="9" offset="89" sl="117" sc="9" el="117" ec="10" bec="0" bev="0" fileid="77" />
              </SequencePoints>
              <BranchPoints>
                <BranchPoint vc="0" uspid="1619" ordinal="0" offset="13" sl="107" path="0" offsetend="15" fileid="77" />
                <BranchPoint vc="0" uspid="1620" ordinal="1" offset="13" sl="107" path="1" offsetend="29" fileid="77" />
                <BranchPoint vc="0" uspid="1621" ordinal="2" offset="67" sl="112" path="0" offsetend="69" fileid="77" />
                <BranchPoint vc="0" uspid="1622" ordinal="3" offset="67" sl="112" path="1" offsetend="79" fileid="77" />
              </BranchPoints>
              <MethodPoint xsi:type="SequencePoint" vc="0" uspid="1609" ordinal="0" offset="0" sl="106" sc="9" el="106" ec="10" bec="0" bev="0" fileid="77" />
            </Method>
            <Method visited="false" cyclomaticComplexity="1" nPathComplexity="0" sequenceCoverage="0" branchCoverage="0" crapScore="2" isConstructor="false" isStatic="false" isGetter="false" isSetter="false">
              <Summary numSequencePoints="6" visitedSequencePoints="0" numBranchPoints="1" visitedBranchPoints="0" sequenceCoverage="0" branchCoverage="0" maxCyclomaticComplexity="1" minCyclomaticComplexity="1" maxCrapScore="2" minCrapScore="2" visitedClasses="0" numClasses="0" visitedMethods="0" numMethods="1" />
              <MetadataToken>100663636</MetadataToken>
              <Name>System.Web.Mvc.ActionResult AirlineReservationSystem.Controllers.TicketsController::DeleteConfirmed(System.Int32)</Name>
              <FileRef uid="77" />
              <SequencePoints>
                <SequencePoint vc="0" uspid="1623" ordinal="0" offset="0" sl="123" sc="9" el="123" ec="10" bec="0" bev="0" fileid="77" />
                <SequencePoint vc="0" uspid="1624" ordinal="1" offset="1" sl="124" sc="13" el="124" ec="49" bec="0" bev="0" fileid="77" />
                <SequencePoint vc="0" uspid="1625" ordinal="2" offset="33" sl="125" sc="13" el="125" ec="39" bec="0" bev="0" fileid="77" />
                <SequencePoint vc="0" uspid="1626" ordinal="3" offset="51" sl="126" sc="13" el="126" ec="30" bec="0" bev="0" fileid="77" />
                <SequencePoint vc="0" uspid="1627" ordinal="4" offset="63" sl="127" sc="13" el="127" ec="46" bec="0" bev="0" fileid="77" />
                <SequencePoint vc="0" uspid="1628" ordinal="5" offset="77" sl="128" sc="9" el="128" ec="10" bec="0" bev="0" fileid="77" />
              </SequencePoints>
              <BranchPoints />
              <MethodPoint xsi:type="SequencePoint" vc="0" uspid="1623" ordinal="0" offset="0" sl="123" sc="9" el="123" ec="10" bec="0" bev="0" fileid="77" />
            </Method>
            <Method visited="false" cyclomaticComplexity="2" nPathComplexity="2" sequenceCoverage="0" branchCoverage="0" crapScore="6" isConstructor="false" isStatic="false" isGetter="false" isSetter="false">
              <Summary numSequencePoints="7" visitedSequencePoints="0" numBranchPoints="3" visitedBranchPoints="0" sequenceCoverage="0" branchCoverage="0" maxCyclomaticComplexity="2" minCyclomaticComplexity="2" maxCrapScore="6" minCrapScore="6" visitedClasses="0" numClasses="0" visitedMethods="0" numMethods="1" />
              <MetadataToken>100663637</MetadataToken>
              <Name>System.Void AirlineReservationSystem.Controllers.TicketsController::Dispose(System.Boolean)</Name>
              <FileRef uid="77" />
              <SequencePoints>
                <SequencePoint vc="0" uspid="1629" ordinal="0" offset="0" sl="131" sc="9" el="131" ec="10" bec="0" bev="0" fileid="77" />
                <SequencePoint vc="0" uspid="1630" ordinal="1" offset="1" sl="132" sc="13" el="132" ec="27" bec="2" bev="0" fileid="77" />
                <SequencePoint vc="0" uspid="1631" ordinal="2" offset="6" sl="133" sc="13" el="133" ec="14" bec="0" bev="0" fileid="77" />
                <SequencePoint vc="0" uspid="1632" ordinal="3" offset="7" sl="134" sc="17" el="134" ec="30" bec="0" bev="0" fileid="77" />
                <SequencePoint vc="0" uspid="1633" ordinal="4" offset="19" sl="135" sc="13" el="135" ec="14" bec="0" bev="0" fileid="77" />
                <SequencePoint vc="0" uspid="1634" ordinal="5" offset="20" sl="136" sc="13" el="136" ec="37" bec="0" bev="0" fileid="77" />
                <SequencePoint vc="0" uspid="1635" ordinal="6" offset="28" sl="137" sc="9" el="137" ec="10" bec="0" bev="0" fileid="77" />
              </SequencePoints>
              <BranchPoints>
                <BranchPoint vc="0" uspid="1636" ordinal="0" offset="4" sl="132" path="0" offsetend="6" fileid="77" />
                <BranchPoint vc="0" uspid="1637" ordinal="1" offset="4" sl="132" path="1" offsetend="20" fileid="77" />
              </BranchPoints>
              <MethodPoint xsi:type="SequencePoint" vc="0" uspid="1629" ordinal="0" offset="0" sl="131" sc="9" el="131" ec="10" bec="0" bev="0" fileid="77" />
            </Method>
            <Method visited="false" cyclomaticComplexity="1" nPathComplexity="0" sequenceCoverage="0" branchCoverage="0" crapScore="2" isConstructor="true" isStatic="false" isGetter="false" isSetter="false">
              <Summary numSequencePoints="1" visitedSequencePoints="0" numBranchPoints="1" visitedBranchPoints="0" sequenceCoverage="0" branchCoverage="0" maxCyclomaticComplexity="1" minCyclomaticComplexity="1" maxCrapScore="2" minCrapScore="2" visitedClasses="0" numClasses="0" visitedMethods="0" numMethods="1" />
              <MetadataToken>100663638</MetadataToken>
              <Name>System.Void AirlineReservationSystem.Controllers.TicketsController::.ctor()</Name>
              <FileRef uid="77" />
              <SequencePoints>
                <SequencePoint vc="0" uspid="1638" ordinal="0" offset="0" sl="16" sc="9" el="16" ec="48" bec="0" bev="0" fileid="77" />
              </SequencePoints>
              <BranchPoints />
              <MethodPoint xsi:type="SequencePoint" vc="0" uspid="1638" ordinal="0" offset="0" sl="16" sc="9" el="16" ec="48" bec="0" bev="0" fileid="77" />
            </Method>
          </Methods>
        </Class>
        <Class>
          <Summary numSequencePoints="0" visitedSequencePoints="0" numBranchPoints="0" visitedBranchPoints="0" sequenceCoverage="0" branchCoverage="0" maxCyclomaticComplexity="1" minCyclomaticComplexity="1" maxCrapScore="2" minCrapScore="2" visitedClasses="0" numClasses="0" visitedMethods="0" numMethods="0" />
          <FullName>AirlineReservationSystem.Controllers.TicketsController/&lt;&gt;c</FullName>
          <Methods>
            <Method visited="false" cyclomaticComplexity="1" nPathComplexity="0" sequenceCoverage="0" branchCoverage="0" crapScore="2" isConstructor="true" isStatic="true" isGetter="false" isSetter="false">
              <Summary numSequencePoints="0" visitedSequencePoints="0" numBranchPoints="0" visitedBranchPoints="0" sequenceCoverage="0" branchCoverage="0" maxCyclomaticComplexity="1" minCyclomaticComplexity="1" maxCrapScore="2" minCrapScore="2" visitedClasses="0" numClasses="0" visitedMethods="0" numMethods="0" />
              <MetadataToken>100663738</MetadataToken>
              <Name>System.Void AirlineReservationSystem.Controllers.TicketsController/&lt;&gt;c::.cctor()</Name>
              <SequencePoints />
              <BranchPoints />
              <MethodPoint vc="0" uspid="1639" ordinal="0" offset="0" />
            </Method>
            <Method visited="false" cyclomaticComplexity="1" nPathComplexity="0" sequenceCoverage="0" branchCoverage="0" crapScore="2" isConstructor="true" isStatic="false" isGetter="false" isSetter="false">
              <Summary numSequencePoints="0" visitedSequencePoints="0" numBranchPoints="0" visitedBranchPoints="0" sequenceCoverage="0" branchCoverage="0" maxCyclomaticComplexity="1" minCyclomaticComplexity="1" maxCrapScore="2" minCrapScore="2" visitedClasses="0" numClasses="0" visitedMethods="0" numMethods="0" />
              <MetadataToken>100663739</MetadataToken>
              <Name>System.Void AirlineReservationSystem.Controllers.TicketsController/&lt;&gt;c::.ctor()</Name>
              <SequencePoints />
              <BranchPoints />
              <MethodPoint vc="0" uspid="1640" ordinal="0" offset="0" />
            </Method>
          </Methods>
        </Class>
      </Classes>
      <TrackedMethods />
    </Module>
  </Modules>
</CoverageSession>